2025.04.28 08:33:21 INFO  Started: Metals version 1.5.2 in folders 'C:\Users\ruben\Downloads\Functional\Assignment 2' for client Visual Studio Code 1.99.3.
2025.04.28 08:33:28 INFO  running 'C:\Program Files\Java\jdk-21\bin\java.exe -Djline.terminal=jline.UnsupportedTerminal -Dsbt.log.noformat=true -Dfile.encoding=UTF-8 -jar C:\Users\ruben\AppData\Local\Temp\metals5552389003399211532\sbt-launch.jar -Dbloop.export-jar-classifiers=sources bloopInstall'
2025.04.28 08:33:29 ERROR [info] [launcher] getting org.scala-sbt sbt 1.10.11  (this may take some time)...
2025.04.28 08:33:48 ERROR [info] [launcher] getting Scala 2.12.20 (for sbt)...
2025.04.28 08:33:49 INFO  [info] welcome to sbt 1.10.11 (Oracle Corporation Java 21.0.4)
2025.04.28 08:33:51 INFO  [info] loading settings for project assignment-2-build-build-build from metals.sbt...
2025.04.28 08:33:51 INFO  [info] loading project definition from C:\Users\ruben\Downloads\Functional\Assignment 2\project\project\project
2025.04.28 08:33:55 INFO  [info] loading settings for project assignment-2-build-build from metals.sbt...
2025.04.28 08:33:55 INFO  [info] loading project definition from C:\Users\ruben\Downloads\Functional\Assignment 2\project\project
2025.04.28 08:34:00 INFO  [success] Generated .bloop\assignment-2-build-build.json
2025.04.28 08:34:00 INFO  [success] Total time: 5 s, completed 28 Apr 2025, 08:34:00
2025.04.28 08:34:00 INFO  [info] loading settings for project assignment-2-build from metals.sbt, plugins.sbt...
2025.04.28 08:34:00 INFO  [info] loading project definition from C:\Users\ruben\Downloads\Functional\Assignment 2\project
2025.04.28 08:34:15 INFO  [success] Generated .bloop\assignment-2-build.json
2025.04.28 08:34:15 INFO  [success] Total time: 14 s, completed 28 Apr 2025, 08:34:15
2025.04.28 08:34:17 INFO  [info] loading settings for project assignment-2 from build.sbt...
2025.04.28 08:34:17 INFO  [info] set current project to java-lib-detect (in build file:/C:/Users/ruben/Downloads/Functional/Assignment%202/)
2025.04.28 08:35:05 INFO  [success] Generated .bloop\assignment-2.json
2025.04.28 08:35:05 INFO  [success] Generated .bloop\assignment-2-test.json
2025.04.28 08:35:05 INFO  [success] Total time: 48 s, completed 28 Apr 2025, 08:35:05
2025.04.28 08:35:05 INFO  time: ran 'sbt bloopInstall' in 1m36s
2025.04.28 08:35:05 INFO  Attempting to connect to the build server...
2025.04.28 08:35:05 INFO  No running Bloop server found, starting one.
2025.04.28 08:35:08 INFO  no build target found for C:\Users\ruben\Downloads\Functional\Assignment 2\src\main\scala\ArgParser.scala. Using presentation compiler with project's scala-library version: 3.3.5
2025.04.28 08:35:24 INFO  no build target found for C:\Users\ruben\Downloads\Functional\Assignment 2\src\main\scala\ArgParser.scala. Using presentation compiler with project's scala-library version: 3.3.5
2025.04.28 08:35:24 INFO  no build target found for C:\Users\ruben\Downloads\Functional\Assignment 2\src\main\scala\ArgParser.scala. Using presentation compiler with project's scala-library version: 3.3.5
Apr 28, 2025 8:35:25 AM org.eclipse.lsp4j.jsonrpc.RemoteEndpoint handleCancellation
WARNING: Unmatched cancel notification for request id 4
2025.04.28 08:35:24 INFO  no build target found for C:\Users\ruben\Downloads\Functional\Assignment 2\src\main\scala\ArgParser.scala. Using presentation compiler with project's scala-library version: 3.3.5
Apr 28, 2025 8:35:25 AM org.eclipse.lsp4j.jsonrpc.RemoteEndpoint handleCancellation
WARNING: Unmatched cancel notification for request id 7
Apr 28, 2025 8:35:25 AM org.eclipse.lsp4j.jsonrpc.RemoteEndpoint handleCancellation
WARNING: Unmatched cancel notification for request id 11
Apr 28, 2025 8:35:25 AM org.eclipse.lsp4j.jsonrpc.RemoteEndpoint handleCancellation
WARNING: Unmatched cancel notification for request id 2
Apr 28, 2025 8:35:25 AM org.eclipse.lsp4j.jsonrpc.RemoteEndpoint handleCancellation
WARNING: Unmatched cancel notification for request id 3
2025.04.28 08:35:24 INFO  no build target found for C:\Users\ruben\Downloads\Functional\Assignment 2\src\main\scala\ArgParser.scala. Using presentation compiler with project's scala-library version: 3.3.5
2025.04.28 08:35:24 INFO  no build target found for C:\Users\ruben\Downloads\Functional\Assignment 2\src\main\scala\Config.scala. Using presentation compiler with project's scala-library version: 3.3.5
2025.04.28 08:35:25 INFO  no build target found for C:\Users\ruben\Downloads\Functional\Assignment 2\src\main\scala\Config.scala. Using presentation compiler with project's scala-library version: 3.3.5
Apr 28, 2025 8:35:25 AM org.eclipse.lsp4j.jsonrpc.RemoteEndpoint handleCancellation
WARNING: Unmatched cancel notification for request id 13
2025.04.28 08:35:24 INFO  no build target found for C:\Users\ruben\Downloads\Functional\Assignment 2\src\main\scala\Config.scala. Using presentation compiler with project's scala-library version: 3.3.5
2025.04.28 08:35:24 INFO  no build target found for C:\Users\ruben\Downloads\Functional\Assignment 2\src\main\scala\Config.scala. Using presentation compiler with project's scala-library version: 3.3.5
Apr 28, 2025 8:35:25 AM org.eclipse.lsp4j.jsonrpc.RemoteEndpoint handleCancellation
WARNING: Unmatched cancel notification for request id 16
Apr 28, 2025 8:35:25 AM org.eclipse.lsp4j.jsonrpc.RemoteEndpoint handleCancellation
WARNING: Unmatched cancel notification for request id 19
Apr 28, 2025 8:35:25 AM org.eclipse.lsp4j.jsonrpc.RemoteEndpoint handleCancellation
WARNING: Unmatched cancel notification for request id 22
Apr 28, 2025 8:35:25 AM org.eclipse.lsp4j.jsonrpc.RemoteEndpoint handleCancellation
WARNING: Unmatched cancel notification for request id 14
Apr 28, 2025 8:35:25 AM org.eclipse.lsp4j.jsonrpc.RemoteEndpoint handleCancellation
WARNING: Unmatched cancel notification for request id 15
2025.04.28 08:35:24 INFO  no build target found for C:\Users\ruben\Downloads\Functional\Assignment 2\src\main\scala\Config.scala. Using presentation compiler with project's scala-library version: 3.3.5
2025.04.28 08:35:24 INFO  no build target found for C:\Users\ruben\Downloads\Functional\Assignment 2\src\main\scala\Derive.scala. Using presentation compiler with project's scala-library version: 3.3.5
2025.04.28 08:35:25 INFO  no build target found for C:\Users\ruben\Downloads\Functional\Assignment 2\src\main\scala\Derive.scala. Using presentation compiler with project's scala-library version: 3.3.5
Apr 28, 2025 8:35:25 AM org.eclipse.lsp4j.jsonrpc.RemoteEndpoint handleCancellation
WARNING: Unmatched cancel notification for request id 24
2025.04.28 08:35:24 INFO  no build target found for C:\Users\ruben\Downloads\Functional\Assignment 2\src\main\scala\Derive.scala. Using presentation compiler with project's scala-library version: 3.3.5
Apr 28, 2025 8:35:25 AM org.eclipse.lsp4j.jsonrpc.RemoteEndpoint handleCancellation
WARNING: Unmatched cancel notification for request id 27
Apr 28, 2025 8:35:25 AM org.eclipse.lsp4j.jsonrpc.RemoteEndpoint handleCancellation
WARNING: Unmatched cancel notification for request id 30
Apr 28, 2025 8:35:25 AM org.eclipse.lsp4j.jsonrpc.RemoteEndpoint handleCancellation
WARNING: Unmatched cancel notification for request id 32
Apr 28, 2025 8:35:25 AM org.eclipse.lsp4j.jsonrpc.RemoteEndpoint handleCancellation
WARNING: Unmatched cancel notification for request id 25
Apr 28, 2025 8:35:25 AM org.eclipse.lsp4j.jsonrpc.RemoteEndpoint handleCancellation
WARNING: Unmatched cancel notification for request id 26
2025.04.28 08:35:24 INFO  no build target found for C:\Users\ruben\Downloads\Functional\Assignment 2\src\main\scala\Derive.scala. Using presentation compiler with project's scala-library version: 3.3.5
2025.04.28 08:35:24 INFO  no build target found for C:\Users\ruben\Downloads\Functional\Assignment 2\src\main\scala\Detect.scala. Using presentation compiler with project's scala-library version: 3.3.5
2025.04.28 08:35:25 INFO  no build target found for C:\Users\ruben\Downloads\Functional\Assignment 2\src\main\scala\Detect.scala. Using presentation compiler with project's scala-library version: 3.3.5
Apr 28, 2025 8:35:25 AM org.eclipse.lsp4j.jsonrpc.RemoteEndpoint handleCancellation
WARNING: Unmatched cancel notification for request id 34
2025.04.28 08:35:24 INFO  no build target found for C:\Users\ruben\Downloads\Functional\Assignment 2\src\main\scala\Detect.scala. Using presentation compiler with project's scala-library version: 3.3.5
Apr 28, 2025 8:35:25 AM org.eclipse.lsp4j.jsonrpc.RemoteEndpoint handleCancellation
WARNING: Unmatched cancel notification for request id 37
Apr 28, 2025 8:35:25 AM org.eclipse.lsp4j.jsonrpc.RemoteEndpoint handleCancellation
WARNING: Unmatched cancel notification for request id 40
Apr 28, 2025 8:35:25 AM org.eclipse.lsp4j.jsonrpc.RemoteEndpoint handleCancellation
WARNING: Unmatched cancel notification for request id 42
Apr 28, 2025 8:35:25 AM org.eclipse.lsp4j.jsonrpc.RemoteEndpoint handleCancellation
WARNING: Unmatched cancel notification for request id 35
Apr 28, 2025 8:35:25 AM org.eclipse.lsp4j.jsonrpc.RemoteEndpoint handleCancellation
WARNING: Unmatched cancel notification for request id 36
2025.04.28 08:35:24 INFO  no build target found for C:\Users\ruben\Downloads\Functional\Assignment 2\src\main\scala\Detect.scala. Using presentation compiler with project's scala-library version: 3.3.5
2025.04.28 08:35:24 INFO  no build target found for C:\Users\ruben\Downloads\Functional\Assignment 2\src\main\scala\Main.scala. Using presentation compiler with project's scala-library version: 3.3.5
2025.04.28 08:35:25 INFO  no build target found for C:\Users\ruben\Downloads\Functional\Assignment 2\src\main\scala\Main.scala. Using presentation compiler with project's scala-library version: 3.3.5
2025.04.28 08:35:24 INFO  no build target found for C:\Users\ruben\Downloads\Functional\Assignment 2\src\main\scala\Main.scala. Using presentation compiler with project's scala-library version: 3.3.5
2025.04.28 08:35:26 INFO  no build target found for C:\Users\ruben\Downloads\Functional\Assignment 2\src\main\scala\Main.scala. Using presentation compiler with project's scala-library version: 3.3.5
2025.04.28 08:35:29 INFO  no build target found for C:\Users\ruben\Downloads\Functional\Assignment 2\src\main\scala\Main.scala. Using presentation compiler with project's scala-library version: 3.3.5
2025.04.28 08:35:29 INFO  no build target found for C:\Users\ruben\Downloads\Functional\Assignment 2\src\main\scala\VectorDatabase.scala. Using presentation compiler with project's scala-library version: 3.3.5
2025.04.28 08:35:29 INFO  no build target found for C:\Users\ruben\Downloads\Functional\Assignment 2\src\main\scala\VectorDatabase.scala. Using presentation compiler with project's scala-library version: 3.3.5
2025.04.28 08:35:29 INFO  no build target found for C:\Users\ruben\Downloads\Functional\Assignment 2\src\main\scala\VectorDatabase.scala. Using presentation compiler with project's scala-library version: 3.3.5
2025.04.28 08:35:30 INFO  no build target found for C:\Users\ruben\Downloads\Functional\Assignment 2\src\main\scala\VectorDatabase.scala. Using presentation compiler with project's scala-library version: 3.3.5
2025.04.28 08:35:42 INFO  Starting compilation server
2025.04.28 08:35:43 INFO  tracing is disabled for protocol BSP, to enable tracing of incoming and outgoing JSON messages create an empty file at C:\Users\ruben\Downloads\Functional\Assignment 2\.metals\bsp.trace.json or C:\Users\ruben\AppData\Local\scalameta\metals\cache\bsp.trace.json
2025.04.28 08:35:44 INFO  Attempting to connect to the build server...
2025.04.28 08:35:44 INFO  Found a Bloop server running
2025.04.28 08:35:44 INFO  Attempting to connect to the build server...
2025.04.28 08:35:44 INFO  Found a Bloop server running
2025.04.28 08:35:44 INFO  tracing is disabled for protocol BSP, to enable tracing of incoming and outgoing JSON messages create an empty file at C:\Users\ruben\Downloads\Functional\Assignment 2\project\.metals\bsp.trace.json or C:\Users\ruben\AppData\Local\scalameta\metals\cache\bsp.trace.json
2025.04.28 08:35:44 INFO  tracing is disabled for protocol BSP, to enable tracing of incoming and outgoing JSON messages create an empty file at C:\Users\ruben\Downloads\Functional\Assignment 2\project\project\.metals\bsp.trace.json or C:\Users\ruben\AppData\Local\scalameta\metals\cache\bsp.trace.json
2025.04.28 08:35:50 INFO  time: Connected to build server in 44s
2025.04.28 08:35:50 INFO  Connected to Build server: Bloop v2.0.9
2025.04.28 08:35:50 INFO  time: Imported build in 0.13s
2025.04.28 08:36:10 INFO  time: indexed workspace in 20s
2025.04.28 08:36:11 INFO  compiling assignment-2 (6 scala sources)
2025.04.28 08:36:16 INFO  compiling assignment-2-test (3 scala sources)
2025.04.28 08:36:16 INFO  time: compiled assignment-2 in 5.57s
2025.04.28 08:36:17 INFO  time: compiled assignment-2-test in 1.33s
2025.04.28 08:37:09 WARN  no build target for: C:\Users\ruben\Downloads\Functional\Assignment 2\src\test\resources\Test1.java
2025.04.28 08:37:09 INFO  no build target found for C:\Users\ruben\Downloads\Functional\Assignment 2\src\test\resources\Test1.java. Using presentation compiler with project's scala-library version: 3.6.1
2025.04.28 08:37:09 WARN  Running javac-semanticdb failed for file:///C:/Users/ruben/Downloads/Functional/Assignment%202/src/test/resources/Test1.java. Output:

Apr 28, 2025 8:37:09 AM scala.meta.internal.pc.CompilerAccess handleError
SEVERE: A severe compiler error occurred, full details of the error can be found in the error report C:\Users\ruben\Downloads\Functional\Assignment 2\.metals\.reports\metals-full\2025-04-28\r_compiler-error_08-37-09-246.md
2025.04.28 08:37:10 INFO  no build target found for C:\Users\ruben\Downloads\Functional\Assignment 2\src\test\resources\Test1.java. Using presentation compiler with project's scala-library version: 3.6.1
Apr 28, 2025 8:37:10 AM scala.meta.internal.pc.CompilerAccess handleError
SEVERE: A severe compiler error occurred, full details of the error can be found in the error report C:\Users\ruben\Downloads\Functional\Assignment 2\.metals\.reports\metals-full\2025-04-28\r_compiler-error_08-37-10-218.md
2025.04.28 08:37:11 INFO  no build target found for C:\Users\ruben\Downloads\Functional\Assignment 2\src\test\resources\Test1.java. Using presentation compiler with project's scala-library version: 3.6.1
Apr 28, 2025 8:37:21 AM org.eclipse.lsp4j.jsonrpc.RemoteEndpoint handleCancellation
WARNING: Unmatched cancel notification for request id 128
Apr 28, 2025 8:37:21 AM org.eclipse.lsp4j.jsonrpc.RemoteEndpoint handleCancellation
WARNING: Unmatched cancel notification for request id 129
Apr 28, 2025 8:37:21 AM org.eclipse.lsp4j.jsonrpc.RemoteEndpoint handleCancellation
WARNING: Unmatched cancel notification for request id 130
2025.04.28 08:37:33 WARN  no build target for: C:\Users\ruben\Downloads\Functional\Assignment 2\src\test\resources\Test1.java
2025.04.28 08:37:33 INFO  no build target found for C:\Users\ruben\Downloads\Functional\Assignment 2\src\test\resources\Test1.java. Using presentation compiler with project's scala-library version: 3.6.1
2025.04.28 08:37:33 WARN  Running javac-semanticdb failed for file:///C:/Users/ruben/Downloads/Functional/Assignment%202/src/test/resources/Test1.java. Output:

Apr 28, 2025 8:37:33 AM scala.meta.internal.pc.CompilerAccess handleError
SEVERE: A severe compiler error occurred, full details of the error can be found in the error report C:\Users\ruben\Downloads\Functional\Assignment 2\.metals\.reports\metals-full\2025-04-28\r_compiler-error_08-37-33-386.md
2025.04.28 08:37:33 INFO  no build target found for C:\Users\ruben\Downloads\Functional\Assignment 2\src\test\resources\Test1.java. Using presentation compiler with project's scala-library version: 3.6.1
2025.04.28 08:37:34 INFO  no build target found for C:\Users\ruben\Downloads\Functional\Assignment 2\src\test\resources\Test1.java. Using presentation compiler with project's scala-library version: 3.6.1
Apr 28, 2025 8:37:34 AM scala.meta.internal.pc.CompilerAccess handleError
SEVERE: A severe compiler error occurred, full details of the error can be found in the error report C:\Users\ruben\Downloads\Functional\Assignment 2\.metals\.reports\metals-full\2025-04-28\r_compiler-error_08-37-34-398.md
2025.04.28 08:37:33 INFO  no build target found for C:\Users\ruben\Downloads\Functional\Assignment 2\src\test\resources\Test1.java. Using presentation compiler with project's scala-library version: 3.6.1
2025.04.28 08:38:01 INFO  no build target found for C:\Users\ruben\Downloads\Functional\Assignment 2\src\test\resources\Test1.java. Using presentation compiler with project's scala-library version: 3.6.1
2025.04.28 08:39:26 WARN  no build target for: C:\Users\ruben\Downloads\Functional\Assignment 2\src\test\resources\Test1.java
2025.04.28 08:39:27 INFO  no build target found for C:\Users\ruben\Downloads\Functional\Assignment 2\src\test\resources\Test1.java. Using presentation compiler with project's scala-library version: 3.6.1
2025.04.28 08:39:27 WARN  Running javac-semanticdb failed for file:///C:/Users/ruben/Downloads/Functional/Assignment%202/src/test/resources/Test1.java. Output:

Apr 28, 2025 8:39:27 AM scala.meta.internal.pc.CompilerAccess handleError
SEVERE: A severe compiler error occurred, full details of the error can be found in the error report C:\Users\ruben\Downloads\Functional\Assignment 2\.metals\.reports\metals-full\2025-04-28\r_compiler-error_08-39-27-092.md
2025.04.28 08:39:27 INFO  no build target found for C:\Users\ruben\Downloads\Functional\Assignment 2\src\test\resources\Test1.java. Using presentation compiler with project's scala-library version: 3.6.1
2025.04.28 08:39:27 INFO  no build target found for C:\Users\ruben\Downloads\Functional\Assignment 2\src\test\resources\Test1.java. Using presentation compiler with project's scala-library version: 3.6.1
Apr 28, 2025 8:39:27 AM scala.meta.internal.pc.CompilerAccess handleError
SEVERE: A severe compiler error occurred, full details of the error can be found in the error report C:\Users\ruben\Downloads\Functional\Assignment 2\.metals\.reports\metals-full\2025-04-28\r_compiler-error_08-39-27-467.md
2025.04.28 08:39:27 INFO  no build target found for C:\Users\ruben\Downloads\Functional\Assignment 2\src\test\resources\Test1.java. Using presentation compiler with project's scala-library version: 3.6.1
2025.04.28 08:45:36 INFO  compiling assignment-2 (1 scala source)
2025.04.28 08:45:38 INFO  time: compiled assignment-2 in 1.85s
2025.04.28 08:51:10 INFO  compiling assignment-2 (1 scala source)
2025.04.28 08:51:11 INFO  time: compiled assignment-2 in 1.47s
2025.04.28 08:52:37 INFO  time: compiled assignment-2 in 11ms
2025.04.28 08:52:57 INFO  compiling assignment-2 (1 scala source)
2025.04.28 08:52:57 WARN  Could not find semantic tokens for: file:///C:/Users/ruben/Downloads/Functional/Assignment%202/src/main/scala/TargetFile.scala.scala
2025.04.28 08:52:57 INFO  time: compiled assignment-2 in 0.13s
2025.04.28 08:52:57 WARN  Could not find semantic tokens for: file:///C:/Users/ruben/Downloads/Functional/Assignment%202/src/main/scala/TargetFile.scala.scala
2025.04.28 08:53:02 INFO  compiling assignment-2 (1 scala source)
2025.04.28 08:53:02 INFO  time: compiled assignment-2 in 82ms
2025.04.28 08:53:03 WARN  Could not find semantic tokens for: file:///C:/Users/ruben/Downloads/Functional/Assignment%202/src/main/scala/TargetFile.scala
2025.04.28 08:53:03 WARN  Could not find semantic tokens for: file:///C:/Users/ruben/Downloads/Functional/Assignment%202/src/main/scala/TargetFile.scala
Exception in thread "pool-13-thread-1" java.lang.InterruptedException
	at scala.meta.internal.metals.FutureCancelToken.checkCanceled(FutureCancelToken.scala:29)
	at scala.meta.internal.pc.CompilerAccess.onCompilerJobQueue$$anonfun$1(CompilerAccess.scala:244)
	at scala.meta.internal.pc.CompilerJobQueue$Job.run(CompilerJobQueue.scala:153)
	at java.base/java.util.concurrent.ThreadPoolExecutor.runWorker(ThreadPoolExecutor.java:1144)
	at java.base/java.util.concurrent.ThreadPoolExecutor$Worker.run(ThreadPoolExecutor.java:642)
	at java.base/java.lang.Thread.run(Thread.java:1583)
Exception in thread "pool-13-thread-2" java.lang.InterruptedException
	at scala.meta.internal.metals.FutureCancelToken.checkCanceled(FutureCancelToken.scala:29)
	at scala.meta.internal.pc.CompilerAccess.onCompilerJobQueue$$anonfun$1(CompilerAccess.scala:244)
	at scala.meta.internal.pc.CompilerJobQueue$Job.run(CompilerJobQueue.scala:153)
	at java.base/java.util.concurrent.ThreadPoolExecutor.runWorker(ThreadPoolExecutor.java:1144)
	at java.base/java.util.concurrent.ThreadPoolExecutor$Worker.run(ThreadPoolExecutor.java:642)
	at java.base/java.lang.Thread.run(Thread.java:1583)
Exception in thread "pool-13-thread-3" java.lang.InterruptedException
	at scala.meta.internal.metals.FutureCancelToken.checkCanceled(FutureCancelToken.scala:29)
	at scala.meta.internal.pc.CompilerAccess.onCompilerJobQueue$$anonfun$1(CompilerAccess.scala:244)
	at scala.meta.internal.pc.CompilerJobQueue$Job.run(CompilerJobQueue.scala:153)
	at java.base/java.util.concurrent.ThreadPoolExecutor.runWorker(ThreadPoolExecutor.java:1144)
	at java.base/java.util.concurrent.ThreadPoolExecutor$Worker.run(ThreadPoolExecutor.java:642)
	at java.base/java.lang.Thread.run(Thread.java:1583)
2025.04.28 08:53:05 INFO  compiling assignment-2 (1 scala source)
Exception in thread "pool-13-thread-4" java.lang.InterruptedException
	at scala.meta.internal.metals.FutureCancelToken.checkCanceled(FutureCancelToken.scala:29)
	at scala.meta.internal.pc.CompilerAccess.onCompilerJobQueue$$anonfun$1(CompilerAccess.scala:244)
	at scala.meta.internal.pc.CompilerJobQueue$Job.run(CompilerJobQueue.scala:153)
	at java.base/java.util.concurrent.ThreadPoolExecutor.runWorker(ThreadPoolExecutor.java:1144)
	at java.base/java.util.concurrent.ThreadPoolExecutor$Worker.run(ThreadPoolExecutor.java:642)
	at java.base/java.lang.Thread.run(Thread.java:1583)
2025.04.28 08:53:08 INFO  time: compiled assignment-2 in 2.37s
Apr 28, 2025 8:53:48 AM org.eclipse.lsp4j.jsonrpc.RemoteEndpoint handleCancellation
WARNING: Unmatched cancel notification for request id 657
Apr 28, 2025 8:53:48 AM org.eclipse.lsp4j.jsonrpc.RemoteEndpoint handleCancellation
WARNING: Unmatched cancel notification for request id 659
Apr 28, 2025 8:54:23 AM org.eclipse.lsp4j.jsonrpc.RemoteEndpoint handleCancellation
WARNING: Unmatched cancel notification for request id 728
Apr 28, 2025 8:54:23 AM org.eclipse.lsp4j.jsonrpc.RemoteEndpoint handleCancellation
WARNING: Unmatched cancel notification for request id 730
Apr 28, 2025 8:54:23 AM org.eclipse.lsp4j.jsonrpc.RemoteEndpoint handleCancellation
WARNING: Unmatched cancel notification for request id 732
Apr 28, 2025 8:54:23 AM org.eclipse.lsp4j.jsonrpc.RemoteEndpoint handleCancellation
WARNING: Unmatched cancel notification for request id 736
Apr 28, 2025 8:54:29 AM org.eclipse.lsp4j.jsonrpc.RemoteEndpoint handleCancellation
WARNING: Unmatched cancel notification for request id 756
Apr 28, 2025 8:54:29 AM org.eclipse.lsp4j.jsonrpc.RemoteEndpoint handleCancellation
WARNING: Unmatched cancel notification for request id 761
Apr 28, 2025 8:55:01 AM org.eclipse.lsp4j.jsonrpc.RemoteEndpoint handleCancellation
WARNING: Unmatched cancel notification for request id 807
Apr 28, 2025 8:55:57 AM org.eclipse.lsp4j.jsonrpc.RemoteEndpoint handleCancellation
WARNING: Unmatched cancel notification for request id 884
Apr 28, 2025 8:55:58 AM org.eclipse.lsp4j.jsonrpc.RemoteEndpoint handleCancellation
WARNING: Unmatched cancel notification for request id 909
Apr 28, 2025 8:55:58 AM org.eclipse.lsp4j.jsonrpc.RemoteEndpoint handleCancellation
WARNING: Unmatched cancel notification for request id 917
Apr 28, 2025 8:56:47 AM org.eclipse.lsp4j.jsonrpc.RemoteEndpoint handleNotification
WARNING: Notification threw an exception: {
  "jsonrpc": "2.0",
  "method": "metals/didFocusTextDocument",
  "params": [
    "vscode-chat-code-block://2f38d3a3-b0e7-4a56-9ccc-71eb855999f5/response_983d752a-e103-41e2-b9ef-5e073f279c27/0#%7B%22references%22%3A%5B%7B%22uri%22%3A%7B%22%24mid%22%3A1%2C%22fsPath%22%3A%22c%3A%5C%5CUsers%5C%5Cruben%5C%5CDownloads%5C%5CFunctional%5C%5CAssignment%202%5C%5Csrc%5C%5Cmain%5C%5Cscala%5C%5CTargetFile.scala%22%2C%22_sep%22%3A1%2C%22external%22%3A%22file%3A%2F%2F%2Fc%253A%2FUsers%2Fruben%2FDownloads%2FFunctional%2FAssignment%25202%2Fsrc%2Fmain%2Fscala%2FTargetFile.scala%22%2C%22path%22%3A%22%2Fc%3A%2FUsers%2Fruben%2FDownloads%2FFunctional%2FAssignment%202%2Fsrc%2Fmain%2Fscala%2FTargetFile.scala%22%2C%22scheme%22%3A%22file%22%7D%7D%5D%7D"
  ]
}
java.nio.file.FileSystemNotFoundException: Provider "vscode-chat-code-block" not installed
	at java.base/java.nio.file.Path.of(Path.java:213)
	at java.base/java.nio.file.Paths.get(Paths.java:98)
	at scala.meta.internal.mtags.MtagsEnrichments$XtensionURIMtags.toAbsolutePath(MtagsEnrichments.scala:130)
	at scala.meta.internal.mtags.MtagsEnrichments$XtensionStringMtags.toAbsolutePath(MtagsEnrichments.scala:190)
	at scala.meta.internal.metals.MetalsEnrichments$XtensionString.toAbsolutePath(MetalsEnrichments.scala:777)
	at scala.meta.internal.metals.MetalsEnrichments$XtensionString.toAbsolutePath(MetalsEnrichments.scala:774)
	at scala.meta.internal.metals.WorkspaceLspService.didFocus(WorkspaceLspService.scala:775)
	at scala.meta.metals.lsp.DelegatingScalaService.didFocus(DelegatingScalaService.scala:42)
	at java.base/jdk.internal.reflect.DirectMethodHandleAccessor.invoke(DirectMethodHandleAccessor.java:103)
	at java.base/java.lang.reflect.Method.invoke(Method.java:580)
	at org.eclipse.lsp4j.jsonrpc.services.GenericEndpoint.lambda$recursiveFindRpcMethods$0(GenericEndpoint.java:65)
	at org.eclipse.lsp4j.jsonrpc.services.GenericEndpoint.notify(GenericEndpoint.java:160)
	at org.eclipse.lsp4j.jsonrpc.RemoteEndpoint.handleNotification(RemoteEndpoint.java:231)
	at org.eclipse.lsp4j.jsonrpc.RemoteEndpoint.consume(RemoteEndpoint.java:198)
	at org.eclipse.lsp4j.jsonrpc.json.StreamMessageProducer.handleMessage(StreamMessageProducer.java:185)
	at org.eclipse.lsp4j.jsonrpc.json.StreamMessageProducer.listen(StreamMessageProducer.java:97)
	at org.eclipse.lsp4j.jsonrpc.json.ConcurrentMessageProcessor.run(ConcurrentMessageProcessor.java:114)
	at java.base/java.util.concurrent.Executors$RunnableAdapter.call(Executors.java:572)
	at java.base/java.util.concurrent.FutureTask.run(FutureTask.java:317)
	at java.base/java.util.concurrent.ThreadPoolExecutor.runWorker(ThreadPoolExecutor.java:1144)
	at java.base/java.util.concurrent.ThreadPoolExecutor$Worker.run(ThreadPoolExecutor.java:642)
	at java.base/java.lang.Thread.run(Thread.java:1583)

2025.04.28 08:57:30 INFO  compiling assignment-2 (1 scala source)
2025.04.28 08:57:32 INFO  time: compiled assignment-2 in 2.13s
2025.04.28 08:58:10 INFO  compiling assignment-2 (1 scala source)
2025.04.28 08:58:10 INFO  time: compiled assignment-2 in 0.96s
2025.04.28 08:59:44 INFO  compiling assignment-2 (1 scala source)
2025.04.28 08:59:44 INFO  time: compiled assignment-2 in 0.54s
Apr 28, 2025 9:00:35 AM org.eclipse.lsp4j.jsonrpc.RemoteEndpoint handleCancellation
WARNING: Unmatched cancel notification for request id 1222
Apr 28, 2025 9:00:46 AM scala.meta.internal.metals.StdReporter $anonfun$create$1
WARNING: empty definition using pc, found symbol in pc: `<none>`. (full report at: C:\Users\ruben\Downloads\Functional\Assignment 2\.metals\.reports\metals-full\2025-04-28\r_empty-definition_(assignment-2)_09-00-46-961.md)
Exception in thread "pool-13-thread-5" java.lang.InterruptedException
	at scala.meta.internal.metals.FutureCancelToken.checkCanceled(FutureCancelToken.scala:29)
	at scala.meta.internal.pc.CompilerAccess.onCompilerJobQueue$$anonfun$1(CompilerAccess.scala:244)
	at scala.meta.internal.pc.CompilerJobQueue$Job.run(CompilerJobQueue.scala:153)
	at java.base/java.util.concurrent.ThreadPoolExecutor.runWorker(ThreadPoolExecutor.java:1144)
	at java.base/java.util.concurrent.ThreadPoolExecutor$Worker.run(ThreadPoolExecutor.java:642)
	at java.base/java.lang.Thread.run(Thread.java:1583)
Apr 28, 2025 9:01:11 AM scala.meta.internal.metals.StdReporter $anonfun$create$1
WARNING: empty definition using pc, found symbol in pc: `<none>`. (full report at: C:\Users\ruben\Downloads\Functional\Assignment 2\.metals\.reports\metals-full\2025-04-28\r_empty-definition_(assignment-2)_09-00-46-961.md)
Apr 28, 2025 9:01:11 AM scala.meta.internal.metals.StdReporter $anonfun$create$1
WARNING: empty definition using pc, found symbol in pc: `<none>`. (full report at: C:\Users\ruben\Downloads\Functional\Assignment 2\.metals\.reports\metals-full\2025-04-28\r_empty-definition_(assignment-2)_09-00-46-961.md)
Apr 28, 2025 9:03:01 AM scala.meta.internal.metals.StdReporter $anonfun$create$1
WARNING: empty definition using pc, found symbol in pc: `<none>`. (full report at: C:\Users\ruben\Downloads\Functional\Assignment 2\.metals\.reports\metals-full\2025-04-28\r_empty-definition_(assignment-2)_09-00-46-961.md)
2025.04.28 09:03:01 INFO  compiling assignment-2 (1 scala source)
Apr 28, 2025 9:03:01 AM scala.meta.internal.metals.StdReporter $anonfun$create$1
WARNING: empty definition using pc, found symbol in pc: `<none>`. (full report at: C:\Users\ruben\Downloads\Functional\Assignment 2\.metals\.reports\metals-full\2025-04-28\r_empty-definition_(assignment-2)_09-00-46-961.md)
2025.04.28 09:03:02 INFO  time: compiled assignment-2 in 1.15s
2025.04.28 09:03:32 INFO  compiling assignment-2 (2 scala sources)
2025.04.28 09:03:34 INFO  time: compiled assignment-2 in 1.59s
2025.04.28 09:03:38 INFO  compiling assignment-2 (2 scala sources)
Apr 28, 2025 9:03:38 AM scala.meta.internal.metals.StdReporter $anonfun$create$1
WARNING: empty definition using pc, found symbol in pc: java_lib_detect/`<import>`. (full report at: C:\Users\ruben\Downloads\Functional\Assignment 2\.metals\.reports\metals-full\2025-04-28\r_empty-definition_(assignment-2)_09-03-38-795.md)
2025.04.28 09:03:39 INFO  time: compiled assignment-2 in 1.12s
2025.04.28 09:05:31 INFO  compiling assignment-2 (2 scala sources)
2025.04.28 09:05:33 INFO  time: compiled assignment-2 in 2.27s
2025.04.28 09:05:33 INFO  compiling assignment-2 (1 scala source)
2025.04.28 09:05:33 INFO  time: compiled assignment-2 in 0.46s
2025.04.28 09:06:43 INFO  compiling assignment-2 (3 scala sources)
2025.04.28 09:06:44 INFO  time: compiled assignment-2 in 1.38s
2025.04.28 09:06:46 INFO  compiling assignment-2 (3 scala sources)
2025.04.28 09:06:46 WARN  Could not find 'Derive' using presentation compiler nor semanticdb. Trying to guess the definition using available information from local class context. 
Apr 28, 2025 9:06:46 AM scala.meta.internal.metals.StdReporter $anonfun$create$1
WARNING: empty definition using pc, found symbol in pc: `<none>`. (full report at: C:\Users\ruben\Downloads\Functional\Assignment 2\.metals\.reports\metals-full\2025-04-28\r_empty-definition_(assignment-2)_09-00-46-961.md)
2025.04.28 09:06:46 INFO  time: compiled assignment-2 in 0.8s
2025.04.28 09:06:50 INFO  compiling assignment-2 (3 scala sources)
2025.04.28 09:06:51 INFO  time: compiled assignment-2 in 1.28s
2025.04.28 09:08:57 INFO  compiling assignment-2 (1 scala source)
2025.04.28 09:09:00 INFO  time: compiled assignment-2 in 2.36s
2025.04.28 09:09:00 INFO  compiling assignment-2 (1 scala source)
2025.04.28 09:09:00 INFO  time: compiled assignment-2 in 0.43s
2025.04.28 09:09:05 INFO  compiling assignment-2 (2 scala sources)
2025.04.28 09:09:05 INFO  time: compiled assignment-2 in 0.89s
2025.04.28 09:09:55 INFO  time: compiled assignment-2-test in 10ms
2025.04.28 09:10:37 WARN  no build target for: C:\Users\ruben\Downloads\Functional\Assignment 2\src\test\resources\Test1.java
2025.04.28 09:10:37 INFO  no build target found for C:\Users\ruben\Downloads\Functional\Assignment 2\src\test\resources\Test1.java. Using presentation compiler with project's scala-library version: 3.6.1
2025.04.28 09:10:37 WARN  Running javac-semanticdb failed for file:///C:/Users/ruben/Downloads/Functional/Assignment%202/src/test/resources/Test1.java. Output:

Apr 28, 2025 9:10:37 AM scala.meta.internal.pc.CompilerAccess handleError
SEVERE: A severe compiler error occurred, full details of the error can be found in the error report C:\Users\ruben\Downloads\Functional\Assignment 2\.metals\.reports\metals-full\2025-04-28\r_compiler-error_09-10-37-229.md
2025.04.28 09:10:37 INFO  no build target found for C:\Users\ruben\Downloads\Functional\Assignment 2\src\test\resources\Test1.java. Using presentation compiler with project's scala-library version: 3.6.1
2025.04.28 09:10:37 INFO  no build target found for C:\Users\ruben\Downloads\Functional\Assignment 2\src\test\resources\Test1.java. Using presentation compiler with project's scala-library version: 3.6.1
Apr 28, 2025 9:10:37 AM scala.meta.internal.pc.CompilerAccess handleError
SEVERE: A severe compiler error occurred, full details of the error can be found in the error report C:\Users\ruben\Downloads\Functional\Assignment 2\.metals\.reports\metals-full\2025-04-28\r_compiler-error_09-10-37-604.md
2025.04.28 09:10:38 INFO  no build target found for C:\Users\ruben\Downloads\Functional\Assignment 2\src\test\resources\Test1.java. Using presentation compiler with project's scala-library version: 3.6.1
2025.04.28 09:10:40 INFO  no build target found for C:\Users\ruben\Downloads\Functional\Assignment 2\src\test\resources\Test1.java. Using presentation compiler with project's scala-library version: 3.6.1
Apr 28, 2025 9:10:49 AM org.eclipse.lsp4j.jsonrpc.RemoteEndpoint handleNotification
WARNING: Notification threw an exception: {
  "jsonrpc": "2.0",
  "method": "metals/didFocusTextDocument",
  "params": [
    "class:/c%3A/Users/ruben/Downloads/Functional/Assignment%202/src/test/resources/Test1.class"
  ]
}
java.nio.file.FileSystemNotFoundException: Provider "class" not installed
	at java.base/java.nio.file.Path.of(Path.java:213)
	at java.base/java.nio.file.Paths.get(Paths.java:98)
	at scala.meta.internal.mtags.MtagsEnrichments$XtensionURIMtags.toAbsolutePath(MtagsEnrichments.scala:130)
	at scala.meta.internal.mtags.MtagsEnrichments$XtensionStringMtags.toAbsolutePath(MtagsEnrichments.scala:190)
	at scala.meta.internal.metals.MetalsEnrichments$XtensionString.toAbsolutePath(MetalsEnrichments.scala:777)
	at scala.meta.internal.metals.MetalsEnrichments$XtensionString.toAbsolutePath(MetalsEnrichments.scala:774)
	at scala.meta.internal.metals.WorkspaceLspService.didFocus(WorkspaceLspService.scala:775)
	at scala.meta.metals.lsp.DelegatingScalaService.didFocus(DelegatingScalaService.scala:42)
	at java.base/jdk.internal.reflect.DirectMethodHandleAccessor.invoke(DirectMethodHandleAccessor.java:103)
	at java.base/java.lang.reflect.Method.invoke(Method.java:580)
	at org.eclipse.lsp4j.jsonrpc.services.GenericEndpoint.lambda$recursiveFindRpcMethods$0(GenericEndpoint.java:65)
	at org.eclipse.lsp4j.jsonrpc.services.GenericEndpoint.notify(GenericEndpoint.java:160)
	at org.eclipse.lsp4j.jsonrpc.RemoteEndpoint.handleNotification(RemoteEndpoint.java:231)
	at org.eclipse.lsp4j.jsonrpc.RemoteEndpoint.consume(RemoteEndpoint.java:198)
	at org.eclipse.lsp4j.jsonrpc.json.StreamMessageProducer.handleMessage(StreamMessageProducer.java:185)
	at org.eclipse.lsp4j.jsonrpc.json.StreamMessageProducer.listen(StreamMessageProducer.java:97)
	at org.eclipse.lsp4j.jsonrpc.json.ConcurrentMessageProcessor.run(ConcurrentMessageProcessor.java:114)
	at java.base/java.util.concurrent.Executors$RunnableAdapter.call(Executors.java:572)
	at java.base/java.util.concurrent.FutureTask.run(FutureTask.java:317)
	at java.base/java.util.concurrent.ThreadPoolExecutor.runWorker(ThreadPoolExecutor.java:1144)
	at java.base/java.util.concurrent.ThreadPoolExecutor$Worker.run(ThreadPoolExecutor.java:642)
	at java.base/java.lang.Thread.run(Thread.java:1583)

Apr 28, 2025 9:10:51 AM org.eclipse.lsp4j.jsonrpc.RemoteEndpoint handleNotification
WARNING: Notification threw an exception: {
  "jsonrpc": "2.0",
  "method": "metals/didFocusTextDocument",
  "params": [
    "class:/c%3A/Users/ruben/Downloads/Functional/Assignment%202/src/test/resources/Test1.class"
  ]
}
java.nio.file.FileSystemNotFoundException: Provider "class" not installed
	at java.base/java.nio.file.Path.of(Path.java:213)
	at java.base/java.nio.file.Paths.get(Paths.java:98)
	at scala.meta.internal.mtags.MtagsEnrichments$XtensionURIMtags.toAbsolutePath(MtagsEnrichments.scala:130)
	at scala.meta.internal.mtags.MtagsEnrichments$XtensionStringMtags.toAbsolutePath(MtagsEnrichments.scala:190)
	at scala.meta.internal.metals.MetalsEnrichments$XtensionString.toAbsolutePath(MetalsEnrichments.scala:777)
	at scala.meta.internal.metals.MetalsEnrichments$XtensionString.toAbsolutePath(MetalsEnrichments.scala:774)
	at scala.meta.internal.metals.WorkspaceLspService.didFocus(WorkspaceLspService.scala:775)
	at scala.meta.metals.lsp.DelegatingScalaService.didFocus(DelegatingScalaService.scala:42)
	at java.base/jdk.internal.reflect.DirectMethodHandleAccessor.invoke(DirectMethodHandleAccessor.java:103)
	at java.base/java.lang.reflect.Method.invoke(Method.java:580)
	at org.eclipse.lsp4j.jsonrpc.services.GenericEndpoint.lambda$recursiveFindRpcMethods$0(GenericEndpoint.java:65)
	at org.eclipse.lsp4j.jsonrpc.services.GenericEndpoint.notify(GenericEndpoint.java:160)
	at org.eclipse.lsp4j.jsonrpc.RemoteEndpoint.handleNotification(RemoteEndpoint.java:231)
	at org.eclipse.lsp4j.jsonrpc.RemoteEndpoint.consume(RemoteEndpoint.java:198)
	at org.eclipse.lsp4j.jsonrpc.json.StreamMessageProducer.handleMessage(StreamMessageProducer.java:185)
	at org.eclipse.lsp4j.jsonrpc.json.StreamMessageProducer.listen(StreamMessageProducer.java:97)
	at org.eclipse.lsp4j.jsonrpc.json.ConcurrentMessageProcessor.run(ConcurrentMessageProcessor.java:114)
	at java.base/java.util.concurrent.Executors$RunnableAdapter.call(Executors.java:572)
	at java.base/java.util.concurrent.FutureTask.run(FutureTask.java:317)
	at java.base/java.util.concurrent.ThreadPoolExecutor.runWorker(ThreadPoolExecutor.java:1144)
	at java.base/java.util.concurrent.ThreadPoolExecutor$Worker.run(ThreadPoolExecutor.java:642)
	at java.base/java.lang.Thread.run(Thread.java:1583)

2025.04.28 09:10:57 WARN  no build target for: C:\Users\ruben\Downloads\Functional\Assignment 2\src\test\resources\Test1.java
2025.04.28 09:10:57 INFO  no build target found for C:\Users\ruben\Downloads\Functional\Assignment 2\src\test\resources\Test1.java. Using presentation compiler with project's scala-library version: 3.6.1
2025.04.28 09:10:57 WARN  Running javac-semanticdb failed for file:///C:/Users/ruben/Downloads/Functional/Assignment%202/src/test/resources/Test1.java. Output:

Apr 28, 2025 9:10:57 AM scala.meta.internal.pc.CompilerAccess handleError
SEVERE: A severe compiler error occurred, full details of the error can be found in the error report C:\Users\ruben\Downloads\Functional\Assignment 2\.metals\.reports\metals-full\2025-04-28\r_compiler-error_09-10-57-909.md
2025.04.28 09:10:58 INFO  no build target found for C:\Users\ruben\Downloads\Functional\Assignment 2\src\test\resources\Test1.java. Using presentation compiler with project's scala-library version: 3.6.1
2025.04.28 09:10:58 INFO  no build target found for C:\Users\ruben\Downloads\Functional\Assignment 2\src\test\resources\Test1.java. Using presentation compiler with project's scala-library version: 3.6.1
Apr 28, 2025 9:10:58 AM scala.meta.internal.pc.CompilerAccess handleError
SEVERE: A severe compiler error occurred, full details of the error can be found in the error report C:\Users\ruben\Downloads\Functional\Assignment 2\.metals\.reports\metals-full\2025-04-28\r_compiler-error_09-10-58-294.md
2025.04.28 09:11:00 INFO  no build target found for C:\Users\ruben\Downloads\Functional\Assignment 2\src\test\resources\Test1.java. Using presentation compiler with project's scala-library version: 3.6.1
2025.04.28 09:12:45 INFO  compiling assignment-2-test (1 scala source)
2025.04.28 09:12:45 WARN  Could not find semantic tokens for: file:///C:/Users/ruben/Downloads/Functional/Assignment%202/src/test/scala/TargetFileSpec.scala
2025.04.28 09:12:45 INFO  time: compiled assignment-2-test in 0.2s
2025.04.28 09:12:45 WARN  Could not find semantic tokens for: file:///C:/Users/ruben/Downloads/Functional/Assignment%202/src/test/scala/TargetFileSpec.scala
2025.04.28 09:12:47 INFO  compiling assignment-2-test (1 scala source)
Apr 28, 2025 9:12:47 AM scala.meta.internal.metals.StdReporter $anonfun$create$1
WARNING: scala.meta.internal.mtags.IndexingExceptions$InvalidSymbolException: . (full report at: C:\Users\ruben\Downloads\Functional\Assignment 2\.metals\.reports\metals\2025-04-28\r_invalid-symbol_09-12-47-451.md)
2025.04.28 09:12:47 ERROR searching for `.` failed
java.lang.RuntimeException: invalid symbol format
.
^
	at scala.sys.package$.error(package.scala:27)
	at scala.meta.internal.semanticdb.Scala$DescriptorParser.fail(Scala.scala:162)
	at scala.meta.internal.semanticdb.Scala$DescriptorParser.readChar(Scala.scala:174)
	at scala.meta.internal.semanticdb.Scala$DescriptorParser.parseValue(Scala.scala:190)
	at scala.meta.internal.semanticdb.Scala$DescriptorParser.parseDescriptor(Scala.scala:209)
	at scala.meta.internal.semanticdb.Scala$DescriptorParser.entryPoint(Scala.scala:230)
	at scala.meta.internal.semanticdb.Scala$DescriptorParser$.apply(Scala.scala:238)
	at scala.meta.internal.semanticdb.Scala$ScalaSymbolOps$.owner$extension(Scala.scala:78)
	at scala.meta.internal.mtags.Symbol.toplevel(Symbol.scala:50)
	at scala.meta.internal.mtags.SymbolIndexBucket.query0(SymbolIndexBucket.scala:200)
	at scala.meta.internal.mtags.SymbolIndexBucket.query(SymbolIndexBucket.scala:177)
	at scala.meta.internal.mtags.OnDemandSymbolIndex.$anonfun$findSymbolDefinition$1(OnDemandSymbolIndex.scala:142)
	at scala.collection.immutable.List.flatMap(List.scala:294)
	at scala.meta.internal.mtags.OnDemandSymbolIndex.findSymbolDefinition(OnDemandSymbolIndex.scala:142)
	at scala.meta.internal.mtags.OnDemandSymbolIndex.definition(OnDemandSymbolIndex.scala:48)
	at scala.meta.internal.metals.FallbackDefinitionProvider.findInIndex$1(FallbackDefinitionProvider.scala:131)
	at scala.meta.internal.metals.FallbackDefinitionProvider.$anonfun$search$15(FallbackDefinitionProvider.scala:140)
	at scala.collection.immutable.List.flatMap(List.scala:294)
	at scala.meta.internal.metals.FallbackDefinitionProvider.$anonfun$search$3(FallbackDefinitionProvider.scala:140)
	at scala.Option.map(Option.scala:242)
	at scala.meta.internal.metals.FallbackDefinitionProvider.$anonfun$search$2(FallbackDefinitionProvider.scala:47)
	at scala.Option.flatMap(Option.scala:283)
	at scala.meta.internal.metals.FallbackDefinitionProvider.$anonfun$search$1(FallbackDefinitionProvider.scala:44)
	at scala.Option.flatMap(Option.scala:283)
	at scala.meta.internal.metals.FallbackDefinitionProvider.search(FallbackDefinitionProvider.scala:43)
	at scala.meta.internal.metals.DefinitionProvider.fromFallback$1(DefinitionProvider.scala:126)
	at scala.meta.internal.metals.DefinitionProvider.$anonfun$definition$9(DefinitionProvider.scala:142)
	at scala.meta.internal.metals.DefinitionProvider.$anonfun$definition$15(DefinitionProvider.scala:150)
	at scala.concurrent.impl.Promise$Transformation.run(Promise.scala:470)
	at java.util.concurrent.ThreadPoolExecutor.runWorker(ThreadPoolExecutor.java:1144)
	at java.util.concurrent.ThreadPoolExecutor$Worker.run(ThreadPoolExecutor.java:642)
	at java.lang.Thread.run(Thread.java:1583)

2025.04.28 09:12:47 WARN  Could not find 'getFileName' using presentation compiler nor semanticdb. Trying to guess the definition using available information from local class context. 
Apr 28, 2025 9:12:47 AM scala.meta.internal.metals.StdReporter $anonfun$create$1
WARNING: empty definition using pc, found symbol in pc: `<none>`. (full report at: C:\Users\ruben\Downloads\Functional\Assignment 2\.metals\.reports\metals-full\2025-04-28\r_empty-definition_(assignment-2)_09-00-46-961.md)
2025.04.28 09:12:49 INFO  time: compiled assignment-2-test in 2.66s
2025.04.28 09:13:31 INFO  compiling assignment-2-test (1 scala source)
2025.04.28 09:13:33 INFO  time: compiled assignment-2-test in 1.42s
2025.04.28 09:13:58 INFO  compiling assignment-2-test (1 scala source)
2025.04.28 09:13:59 INFO  time: compiled assignment-2-test in 1s
2025.04.28 09:14:12 INFO  compiling assignment-2-test (1 scala source)
2025.04.28 09:14:13 INFO  time: compiled assignment-2-test in 1.27s
2025.04.28 09:14:17 INFO  compiling assignment-2-test (1 scala source)
2025.04.28 09:14:17 INFO  time: compiled assignment-2-test in 0.73s
2025.04.28 09:14:30 INFO  compiling assignment-2-test (1 scala source)
2025.04.28 09:14:30 INFO  time: compiled assignment-2-test in 0.67s
2025.04.28 09:17:57 INFO  compiling assignment-2 (1 scala source)
2025.04.28 09:17:59 INFO  time: compiled assignment-2 in 1.39s
2025.04.28 09:18:59 ERROR scalafmt: C:\Users\ruben\Downloads\Functional\Assignment 2\src\main\scala\ArgParser.scala:33: error: [dialect scala3] illegal start of statement
.validate(path => validateInputPath(path))
^
Apr 28, 2025 9:19:11 AM scala.meta.internal.metals.StdReporter $anonfun$create$1
WARNING: empty definition using pc, found symbol in pc: `<none>`. (full report at: C:\Users\ruben\Downloads\Functional\Assignment 2\.metals\.reports\metals-full\2025-04-28\r_empty-definition_(assignment-2)_09-00-46-961.md)
Apr 28, 2025 9:19:14 AM scala.meta.internal.metals.StdReporter $anonfun$create$1
WARNING: empty definition using pc, found symbol in pc: `<none>`. (full report at: C:\Users\ruben\Downloads\Functional\Assignment 2\.metals\.reports\metals-full\2025-04-28\r_empty-definition_(assignment-2)_09-00-46-961.md)
Apr 28, 2025 9:19:19 AM scala.meta.internal.metals.StdReporter $anonfun$create$1
WARNING: empty definition using pc, found symbol in pc: `<none>`. (full report at: C:\Users\ruben\Downloads\Functional\Assignment 2\.metals\.reports\metals-full\2025-04-28\r_empty-definition_(assignment-2)_09-00-46-961.md)
Apr 28, 2025 9:19:19 AM scala.meta.internal.metals.StdReporter $anonfun$create$1
WARNING: empty definition using pc, found symbol in pc: `<none>`. (full report at: C:\Users\ruben\Downloads\Functional\Assignment 2\.metals\.reports\metals-full\2025-04-28\r_empty-definition_(assignment-2)_09-00-46-961.md)
2025.04.28 09:19:28 INFO  compiling assignment-2 (1 scala source)
2025.04.28 09:19:28 INFO  time: compiled assignment-2 in 0.62s
2025.04.28 09:20:07 INFO  compiling assignment-2 (1 scala source)
2025.04.28 09:20:07 INFO  time: compiled assignment-2 in 0.51s
Apr 28, 2025 9:20:10 AM scala.meta.internal.metals.StdReporter $anonfun$create$1
WARNING: empty definition using pc, found symbol in pc: `<none>`. (full report at: C:\Users\ruben\Downloads\Functional\Assignment 2\.metals\.reports\metals-full\2025-04-28\r_empty-definition_(assignment-2)_09-00-46-961.md)
2025.04.28 09:20:10 INFO  compiling assignment-2 (1 scala source)
Apr 28, 2025 9:20:10 AM scala.meta.internal.metals.StdReporter $anonfun$create$1
WARNING: empty definition using pc, found symbol in pc: `<none>`. (full report at: C:\Users\ruben\Downloads\Functional\Assignment 2\.metals\.reports\metals-full\2025-04-28\r_empty-definition_(assignment-2)_09-00-46-961.md)
2025.04.28 09:20:10 INFO  time: compiled assignment-2 in 0.5s
Apr 28, 2025 9:20:17 AM org.eclipse.lsp4j.jsonrpc.RemoteEndpoint handleCancellation
WARNING: Unmatched cancel notification for request id 2895
2025.04.28 09:20:19 INFO  compiling assignment-2 (1 scala source)
2025.04.28 09:20:19 INFO  time: compiled assignment-2 in 0.39s
2025.04.28 09:20:29 INFO  compiling assignment-2 (1 scala source)
2025.04.28 09:20:29 INFO  time: compiled assignment-2 in 0.41s
Apr 28, 2025 9:23:14 AM scala.meta.internal.metals.StdReporter $anonfun$create$1
WARNING: empty definition using pc, found symbol in pc: `<none>`. (full report at: C:\Users\ruben\Downloads\Functional\Assignment 2\.metals\.reports\metals-full\2025-04-28\r_empty-definition_(assignment-2)_09-00-46-961.md)
Apr 28, 2025 9:23:14 AM scala.meta.internal.metals.StdReporter $anonfun$create$1
WARNING: empty definition using pc, found symbol in pc: `<none>`. (full report at: C:\Users\ruben\Downloads\Functional\Assignment 2\.metals\.reports\metals-full\2025-04-28\r_empty-definition_(assignment-2)_09-00-46-961.md)
Apr 28, 2025 9:23:15 AM scala.meta.internal.metals.StdReporter $anonfun$create$1
WARNING: empty definition using pc, found symbol in pc: `<none>`. (full report at: C:\Users\ruben\Downloads\Functional\Assignment 2\.metals\.reports\metals-full\2025-04-28\r_empty-definition_(assignment-2)_09-00-46-961.md)
Apr 28, 2025 9:23:18 AM scala.meta.internal.metals.StdReporter $anonfun$create$1
WARNING: empty definition using pc, found symbol in pc: `<none>`. (full report at: C:\Users\ruben\Downloads\Functional\Assignment 2\.metals\.reports\metals-full\2025-04-28\r_empty-definition_(assignment-2)_09-00-46-961.md)
Apr 28, 2025 9:23:18 AM scala.meta.internal.metals.StdReporter $anonfun$create$1
WARNING: empty definition using pc, found symbol in pc: `<none>`. (full report at: C:\Users\ruben\Downloads\Functional\Assignment 2\.metals\.reports\metals-full\2025-04-28\r_empty-definition_(assignment-2)_09-00-46-961.md)
Apr 28, 2025 9:23:19 AM scala.meta.internal.metals.StdReporter $anonfun$create$1
WARNING: empty definition using pc, found symbol in pc: `<none>`. (full report at: C:\Users\ruben\Downloads\Functional\Assignment 2\.metals\.reports\metals-full\2025-04-28\r_empty-definition_(assignment-2)_09-00-46-961.md)
2025.04.28 09:23:19 INFO  compiling assignment-2 (1 scala source)
2025.04.28 09:23:20 INFO  time: compiled assignment-2 in 1.38s
2025.04.28 09:23:31 INFO  compiling assignment-2 (1 scala source)
2025.04.28 09:23:31 INFO  time: compiled assignment-2 in 0.56s
Apr 28, 2025 9:23:40 AM scala.meta.internal.metals.StdReporter $anonfun$create$1
WARNING: empty definition using pc, found symbol in pc: `<none>`. (full report at: C:\Users\ruben\Downloads\Functional\Assignment 2\.metals\.reports\metals-full\2025-04-28\r_empty-definition_(assignment-2)_09-00-46-961.md)
Apr 28, 2025 9:23:40 AM scala.meta.internal.metals.StdReporter $anonfun$create$1
WARNING: empty definition using pc, found symbol in pc: `<none>`. (full report at: C:\Users\ruben\Downloads\Functional\Assignment 2\.metals\.reports\metals-full\2025-04-28\r_empty-definition_(assignment-2)_09-00-46-961.md)
2025.04.28 09:23:40 INFO  compiling assignment-2 (1 scala source)
2025.04.28 09:23:40 INFO  time: compiled assignment-2 in 0.54s
Apr 28, 2025 9:24:02 AM scala.meta.internal.metals.StdReporter $anonfun$create$1
WARNING: empty definition using pc, found symbol in pc: `<none>`. (full report at: C:\Users\ruben\Downloads\Functional\Assignment 2\.metals\.reports\metals-full\2025-04-28\r_empty-definition_(assignment-2)_09-00-46-961.md)
Apr 28, 2025 9:24:02 AM scala.meta.internal.metals.StdReporter $anonfun$create$1
WARNING: empty definition using pc, found symbol in pc: `<none>`. (full report at: C:\Users\ruben\Downloads\Functional\Assignment 2\.metals\.reports\metals-full\2025-04-28\r_empty-definition_(assignment-2)_09-00-46-961.md)
2025.04.28 09:24:07 INFO  compiling assignment-2 (1 scala source)
2025.04.28 09:24:07 INFO  time: compiled assignment-2 in 0.5s
Apr 28, 2025 9:24:12 AM scala.meta.internal.metals.StdReporter $anonfun$create$1
WARNING: empty definition using pc, found symbol in pc: `<none>`. (full report at: C:\Users\ruben\Downloads\Functional\Assignment 2\.metals\.reports\metals-full\2025-04-28\r_empty-definition_(assignment-2)_09-00-46-961.md)
Apr 28, 2025 9:24:12 AM scala.meta.internal.metals.StdReporter $anonfun$create$1
WARNING: empty definition using pc, found symbol in pc: `<none>`. (full report at: C:\Users\ruben\Downloads\Functional\Assignment 2\.metals\.reports\metals-full\2025-04-28\r_empty-definition_(assignment-2)_09-00-46-961.md)
2025.04.28 09:24:12 INFO  compiling assignment-2 (1 scala source)
Apr 28, 2025 9:24:13 AM scala.meta.internal.metals.StdReporter $anonfun$create$1
WARNING: empty definition using pc, found symbol in pc: `<none>`. (full report at: C:\Users\ruben\Downloads\Functional\Assignment 2\.metals\.reports\metals-full\2025-04-28\r_empty-definition_(assignment-2)_09-00-46-961.md)
2025.04.28 09:24:12 INFO  time: compiled assignment-2 in 0.51s
2025.04.28 09:24:27 INFO  compiling assignment-2 (1 scala source)
2025.04.28 09:24:27 INFO  time: compiled assignment-2 in 0.38s
Apr 28, 2025 9:24:41 AM scala.meta.internal.metals.StdReporter $anonfun$create$1
WARNING: empty definition using pc, found symbol in pc: `<none>`. (full report at: C:\Users\ruben\Downloads\Functional\Assignment 2\.metals\.reports\metals-full\2025-04-28\r_empty-definition_(assignment-2)_09-00-46-961.md)
Apr 28, 2025 9:24:43 AM scala.meta.internal.metals.StdReporter $anonfun$create$1
WARNING: empty definition using pc, found symbol in pc: `<none>`. (full report at: C:\Users\ruben\Downloads\Functional\Assignment 2\.metals\.reports\metals-full\2025-04-28\r_empty-definition_(assignment-2)_09-00-46-961.md)
Apr 28, 2025 9:24:43 AM scala.meta.internal.metals.StdReporter $anonfun$create$1
WARNING: empty definition using pc, found symbol in pc: `<none>`. (full report at: C:\Users\ruben\Downloads\Functional\Assignment 2\.metals\.reports\metals-full\2025-04-28\r_empty-definition_(assignment-2)_09-00-46-961.md)
Apr 28, 2025 9:24:44 AM scala.meta.internal.metals.StdReporter $anonfun$create$1
WARNING: empty definition using pc, found symbol in pc: `<none>`. (full report at: C:\Users\ruben\Downloads\Functional\Assignment 2\.metals\.reports\metals-full\2025-04-28\r_empty-definition_(assignment-2)_09-00-46-961.md)
2025.04.28 09:24:44 INFO  compiling assignment-2 (1 scala source)
2025.04.28 09:24:44 INFO  time: compiled assignment-2 in 0.38s
2025.04.28 09:30:05 INFO  compiling assignment-2-test (1 scala source)
2025.04.28 09:30:08 INFO  time: compiled assignment-2-test in 3.09s
2025.04.28 09:30:08 INFO  compiling assignment-2-test (1 scala source)
2025.04.28 09:30:11 INFO  time: compiled assignment-2-test in 1.84s
2025.04.28 09:30:16 ERROR C:\Users\ruben\Downloads\Functional\Assignment 2\src\test\scala\TargetFileSpec.scala
scala.meta.internal.tokenizers.package$UnexpectedInputEndException
	at scala.meta.internal.tokenizers.LegacyScanner.$anonfun$nextToken$1(LegacyScanner.scala:172)
	at scala.Function0.apply$mcV$sp(Function0.scala:42)
	at scala.meta.internal.tokenizers.LegacyScanner.scala$meta$internal$tokenizers$LegacyScanner$$nextToken(LegacyScanner.scala:178)
	at scala.meta.internal.tokenizers.LegacyScanner.nextToken(LegacyScanner.scala:172)
	at scala.meta.internal.mtags.ScalaToplevelMtags$XtensionScanner.mtagsNextToken(ScalaToplevelMtags.scala:76)
	at scala.meta.internal.mtags.ScalaToplevelMtags.loop(ScalaToplevelMtags.scala:473)
	at scala.meta.internal.mtags.ScalaToplevelMtags.indexRoot(ScalaToplevelMtags.scala:88)
	at scala.meta.internal.metals.SemanticdbDefinition$.foreachWithReturnMtags(SemanticdbDefinition.scala:81)
	at scala.meta.internal.metals.Indexer.indexSourceFile(Indexer.scala:489)
	at scala.meta.internal.metals.Indexer.$anonfun$reindexWorkspaceSources$3(Indexer.scala:587)
	at scala.meta.internal.metals.Indexer.$anonfun$reindexWorkspaceSources$3$adapted(Indexer.scala:584)
	at scala.collection.IterableOnceOps.foreach(IterableOnce.scala:619)
	at scala.collection.IterableOnceOps.foreach$(IterableOnce.scala:617)
	at scala.collection.AbstractIterator.foreach(Iterator.scala:1306)
	at scala.meta.internal.metals.Indexer.reindexWorkspaceSources(Indexer.scala:584)
	at scala.meta.internal.metals.MetalsLspService.$anonfun$onChange$2(MetalsLspService.scala:914)
	at scala.runtime.java8.JFunction0$mcV$sp.apply(JFunction0$mcV$sp.scala:18)
	at scala.concurrent.Future$.$anonfun$apply$1(Future.scala:687)
	at scala.concurrent.impl.Promise$Transformation.run(Promise.scala:467)
	at java.util.concurrent.ThreadPoolExecutor.runWorker(ThreadPoolExecutor.java:1144)
	at java.util.concurrent.ThreadPoolExecutor$Worker.run(ThreadPoolExecutor.java:642)
	at java.lang.Thread.run(Thread.java:1583)

2025.04.28 09:30:16 INFO  compiling assignment-2-test (1 scala source)
2025.04.28 09:30:17 INFO  time: compiled assignment-2-test in 1.14s
2025.04.28 09:30:48 INFO  compiling assignment-2-test (1 scala source)
2025.04.28 09:30:49 INFO  time: compiled assignment-2-test in 1.01s
2025.04.28 09:30:51 INFO  compiling assignment-2-test (1 scala source)
2025.04.28 09:30:51 INFO  time: compiled assignment-2-test in 0.73s
2025.04.28 09:32:26 INFO  compiling assignment-2-test (1 scala source)
2025.04.28 09:32:26 WARN  Could not find semantic tokens for: file:///C:/Users/ruben/Downloads/Functional/Assignment%202/src/test/scala/DeriveTestSpec.scala
2025.04.28 09:32:26 INFO  time: compiled assignment-2-test in 0.23s
2025.04.28 09:32:26 WARN  Could not find semantic tokens for: file:///C:/Users/ruben/Downloads/Functional/Assignment%202/src/test/scala/DeriveTestSpec.scala
2025.04.28 09:32:35 INFO  compiling assignment-2-test (1 scala source)
2025.04.28 09:32:35 INFO  time: compiled assignment-2-test in 0.12s
2025.04.28 09:32:35 WARN  Could not find semantic tokens for: file:///C:/Users/ruben/Downloads/Functional/Assignment%202/src/test/scala/DeriveDetectSpec.scala
2025.04.28 09:32:35 WARN  Could not find semantic tokens for: file:///C:/Users/ruben/Downloads/Functional/Assignment%202/src/test/scala/DeriveDetectSpec.scala
2025.04.28 09:32:36 WARN  Could not find semantic tokens for: file:///C:/Users/ruben/Downloads/Functional/Assignment%202/src/test/scala/DeriveDetectSpec.scala
2025.04.28 09:32:37 INFO  compiling assignment-2-test (1 scala source)
Apr 28, 2025 9:32:38 AM scala.meta.internal.metals.StdReporter $anonfun$create$1
WARNING: empty definition using pc, found symbol in pc: `<none>`. (full report at: C:\Users\ruben\Downloads\Functional\Assignment 2\.metals\.reports\metals-full\2025-04-28\r_empty-definition_(assignment-2)_09-00-46-961.md)
2025.04.28 09:32:39 INFO  time: compiled assignment-2-test in 2.46s
2025.04.28 09:32:47 INFO  compiling assignment-2-test (1 scala source)
2025.04.28 09:32:49 INFO  time: compiled assignment-2-test in 1.84s
2025.04.28 09:32:51 INFO  compiling assignment-2-test (1 scala source)
2025.04.28 09:32:53 INFO  time: compiled assignment-2-test in 2.36s
2025.04.28 09:33:03 INFO  compiling assignment-2-test (1 scala source)
2025.04.28 09:33:04 INFO  time: compiled assignment-2-test in 1.05s
2025.04.28 09:33:08 INFO  compiling assignment-2-test (1 scala source)
2025.04.28 09:33:09 INFO  time: compiled assignment-2-test in 1.39s
2025.04.28 09:33:14 INFO  compiling assignment-2-test (1 scala source)
2025.04.28 09:33:15 INFO  time: compiled assignment-2-test in 1.47s
2025.04.28 09:33:28 INFO  compiling assignment-2-test (1 scala source)
2025.04.28 09:33:29 INFO  time: compiled assignment-2-test in 1.22s
Apr 28, 2025 9:33:36 AM org.eclipse.lsp4j.jsonrpc.RemoteEndpoint handleCancellation
WARNING: Unmatched cancel notification for request id 3974
2025.04.28 09:33:37 INFO  compiling assignment-2-test (1 scala source)
2025.04.28 09:33:38 INFO  time: compiled assignment-2-test in 1.35s
2025.04.28 09:33:43 INFO  compiling assignment-2-test (1 scala source)
2025.04.28 09:33:44 INFO  time: compiled assignment-2-test in 1.22s
2025.04.28 09:33:46 INFO  compiling assignment-2-test (1 scala source)
2025.04.28 09:33:47 INFO  time: compiled assignment-2-test in 1.18s
2025.04.28 09:33:54 INFO  compiling assignment-2-test (1 scala source)
2025.04.28 09:33:55 INFO  time: compiled assignment-2-test in 1.17s
2025.04.28 09:34:06 INFO  compiling assignment-2-test (1 scala source)
2025.04.28 09:34:08 INFO  time: compiled assignment-2-test in 1.23s
2025.04.28 09:34:15 INFO  compiling assignment-2-test (1 scala source)
2025.04.28 09:34:16 INFO  time: compiled assignment-2-test in 1.17s
2025.04.28 09:34:18 INFO  compiling assignment-2-test (1 scala source)
2025.04.28 09:34:19 INFO  time: compiled assignment-2-test in 1.22s
Apr 28, 2025 9:34:30 AM org.eclipse.lsp4j.jsonrpc.RemoteEndpoint handleCancellation
WARNING: Unmatched cancel notification for request id 4171
Apr 28, 2025 9:34:30 AM org.eclipse.lsp4j.jsonrpc.RemoteEndpoint handleCancellation
WARNING: Unmatched cancel notification for request id 4172
Apr 28, 2025 9:34:31 AM org.eclipse.lsp4j.jsonrpc.RemoteEndpoint handleCancellation
WARNING: Unmatched cancel notification for request id 4181
Apr 28, 2025 9:34:31 AM org.eclipse.lsp4j.jsonrpc.RemoteEndpoint handleCancellation
WARNING: Unmatched cancel notification for request id 4192
Apr 28, 2025 9:34:31 AM org.eclipse.lsp4j.jsonrpc.RemoteEndpoint handleCancellation
WARNING: Unmatched cancel notification for request id 4196
Apr 28, 2025 9:34:31 AM org.eclipse.lsp4j.jsonrpc.RemoteEndpoint handleCancellation
WARNING: Unmatched cancel notification for request id 4201
2025.04.28 09:34:39 INFO  compiling assignment-2-test (1 scala source)
2025.04.28 09:34:40 INFO  time: compiled assignment-2-test in 1.05s
2025.04.28 09:34:45 INFO  compiling assignment-2-test (1 scala source)
2025.04.28 09:34:45 INFO  time: compiled assignment-2-test in 0.81s
2025.04.28 09:37:15 INFO  compiling assignment-2 (1 scala source)
2025.04.28 09:37:15 INFO  time: compiled assignment-2 in 0.87s
2025.04.28 09:37:16 WARN  Could not load snapshot text for C:\Users\ruben\Downloads\Functional\Assignment 2\src\main\scala\VectorDatabase.scala
2025.04.28 09:37:18 WARN  Could not load snapshot text for C:\Users\ruben\Downloads\Functional\Assignment 2\src\main\scala\VectorDatabase.scala
2025.04.28 09:37:18 INFO  compiling assignment-2 (1 scala source)
2025.04.28 09:37:18 INFO  time: compiled assignment-2 in 0.78s
2025.04.28 09:37:21 WARN  Could not load snapshot text for C:\Users\ruben\Downloads\Functional\Assignment 2\src\main\scala\VectorDatabase.scala
2025.04.28 09:37:24 WARN  Could not load snapshot text for C:\Users\ruben\Downloads\Functional\Assignment 2\src\main\scala\VectorDatabase.scala
2025.04.28 09:37:26 WARN  Could not load snapshot text for C:\Users\ruben\Downloads\Functional\Assignment 2\src\main\scala\VectorDatabase.scala
2025.04.28 09:37:27 INFO  compiling assignment-2 (1 scala source)
Apr 28, 2025 9:37:27 AM org.eclipse.lsp4j.jsonrpc.RemoteEndpoint handleCancellation
WARNING: Unmatched cancel notification for request id 4379
2025.04.28 09:37:27 INFO  time: compiled assignment-2 in 0.85s
2025.04.28 09:37:34 WARN  Could not load snapshot text for C:\Users\ruben\Downloads\Functional\Assignment 2\src\main\scala\VectorDatabase.scala
2025.04.28 09:37:37 WARN  Could not load snapshot text for C:\Users\ruben\Downloads\Functional\Assignment 2\src\main\scala\VectorDatabase.scala
2025.04.28 09:37:40 WARN  Could not load snapshot text for C:\Users\ruben\Downloads\Functional\Assignment 2\src\main\scala\VectorDatabase.scala
2025.04.28 09:37:43 WARN  Could not load snapshot text for C:\Users\ruben\Downloads\Functional\Assignment 2\src\main\scala\VectorDatabase.scala
2025.04.28 09:37:48 WARN  Could not load snapshot text for C:\Users\ruben\Downloads\Functional\Assignment 2\src\main\scala\VectorDatabase.scala
2025.04.28 09:37:51 WARN  Could not load snapshot text for C:\Users\ruben\Downloads\Functional\Assignment 2\src\main\scala\VectorDatabase.scala
2025.04.28 09:37:55 WARN  Could not load snapshot text for C:\Users\ruben\Downloads\Functional\Assignment 2\src\main\scala\VectorDatabase.scala
2025.04.28 09:37:56 WARN  Could not load snapshot text for C:\Users\ruben\Downloads\Functional\Assignment 2\src\main\scala\VectorDatabase.scala
2025.04.28 09:37:58 WARN  Could not load snapshot text for C:\Users\ruben\Downloads\Functional\Assignment 2\src\main\scala\VectorDatabase.scala
2025.04.28 09:37:59 WARN  Could not load snapshot text for C:\Users\ruben\Downloads\Functional\Assignment 2\src\main\scala\VectorDatabase.scala
2025.04.28 09:38:01 WARN  Could not load snapshot text for C:\Users\ruben\Downloads\Functional\Assignment 2\src\main\scala\VectorDatabase.scala
2025.04.28 09:38:02 WARN  Could not load snapshot text for C:\Users\ruben\Downloads\Functional\Assignment 2\src\main\scala\VectorDatabase.scala
2025.04.28 09:38:01 WARN  Could not load snapshot text for C:\Users\ruben\Downloads\Functional\Assignment 2\src\main\scala\VectorDatabase.scala
2025.04.28 09:38:03 WARN  Could not load snapshot text for C:\Users\ruben\Downloads\Functional\Assignment 2\src\main\scala\VectorDatabase.scala
2025.04.28 09:38:05 WARN  Could not load snapshot text for C:\Users\ruben\Downloads\Functional\Assignment 2\src\main\scala\VectorDatabase.scala
2025.04.28 09:38:05 INFO  compiling assignment-2 (1 scala source)
2025.04.28 09:38:06 INFO  time: compiled assignment-2 in 1.05s
2025.04.28 09:38:17 WARN  Could not load snapshot text for C:\Users\ruben\Downloads\Functional\Assignment 2\src\main\scala\VectorDatabase.scala
2025.04.28 09:38:26 WARN  Could not load snapshot text for C:\Users\ruben\Downloads\Functional\Assignment 2\src\main\scala\VectorDatabase.scala
2025.04.28 09:38:26 WARN  Could not load snapshot text for C:\Users\ruben\Downloads\Functional\Assignment 2\src\main\scala\VectorDatabase.scala
2025.04.28 09:38:27 WARN  Could not load snapshot text for C:\Users\ruben\Downloads\Functional\Assignment 2\src\main\scala\VectorDatabase.scala
2025.04.28 09:38:27 WARN  Could not load snapshot text for C:\Users\ruben\Downloads\Functional\Assignment 2\src\main\scala\VectorDatabase.scala
2025.04.28 09:38:28 WARN  Could not load snapshot text for C:\Users\ruben\Downloads\Functional\Assignment 2\src\main\scala\VectorDatabase.scala
2025.04.28 09:38:28 WARN  Could not load snapshot text for C:\Users\ruben\Downloads\Functional\Assignment 2\src\main\scala\VectorDatabase.scala
2025.04.28 09:38:28 WARN  Could not load snapshot text for C:\Users\ruben\Downloads\Functional\Assignment 2\src\main\scala\VectorDatabase.scala
2025.04.28 09:38:28 WARN  Could not load snapshot text for C:\Users\ruben\Downloads\Functional\Assignment 2\src\main\scala\VectorDatabase.scala
2025.04.28 09:38:28 WARN  Could not load snapshot text for C:\Users\ruben\Downloads\Functional\Assignment 2\src\main\scala\VectorDatabase.scala
2025.04.28 09:38:28 WARN  Could not load snapshot text for C:\Users\ruben\Downloads\Functional\Assignment 2\src\main\scala\VectorDatabase.scala
2025.04.28 09:38:28 WARN  Could not load snapshot text for C:\Users\ruben\Downloads\Functional\Assignment 2\src\main\scala\VectorDatabase.scala
2025.04.28 09:38:28 INFO  compiling assignment-2 (1 scala source)
2025.04.28 09:38:28 WARN  Could not load snapshot text for C:\Users\ruben\Downloads\Functional\Assignment 2\src\main\scala\VectorDatabase.scala
2025.04.28 09:38:28 WARN  Could not load snapshot text for C:\Users\ruben\Downloads\Functional\Assignment 2\src\main\scala\VectorDatabase.scala
2025.04.28 09:38:28 INFO  time: compiled assignment-2 in 0.85s
2025.04.28 09:38:33 WARN  Could not load snapshot text for C:\Users\ruben\Downloads\Functional\Assignment 2\src\main\scala\VectorDatabase.scala
2025.04.28 09:38:38 WARN  Could not load snapshot text for C:\Users\ruben\Downloads\Functional\Assignment 2\src\main\scala\VectorDatabase.scala
2025.04.28 09:38:38 WARN  Could not load snapshot text for C:\Users\ruben\Downloads\Functional\Assignment 2\src\main\scala\VectorDatabase.scala
2025.04.28 09:38:38 WARN  Could not load snapshot text for C:\Users\ruben\Downloads\Functional\Assignment 2\src\main\scala\VectorDatabase.scala
2025.04.28 09:38:38 WARN  Could not load snapshot text for C:\Users\ruben\Downloads\Functional\Assignment 2\src\main\scala\VectorDatabase.scala
2025.04.28 09:39:17 WARN  Could not load snapshot text for C:\Users\ruben\Downloads\Functional\Assignment 2\src\main\scala\VectorDatabase.scala
2025.04.28 09:39:18 WARN  Could not load snapshot text for C:\Users\ruben\Downloads\Functional\Assignment 2\src\main\scala\VectorDatabase.scala
2025.04.28 09:39:18 WARN  Could not load snapshot text for C:\Users\ruben\Downloads\Functional\Assignment 2\src\main\scala\VectorDatabase.scala
2025.04.28 09:39:18 WARN  Could not load snapshot text for C:\Users\ruben\Downloads\Functional\Assignment 2\src\main\scala\VectorDatabase.scala
2025.04.28 09:39:24 WARN  Could not load snapshot text for C:\Users\ruben\Downloads\Functional\Assignment 2\src\main\scala\VectorDatabase.scala
2025.04.28 09:39:24 WARN  Could not load snapshot text for C:\Users\ruben\Downloads\Functional\Assignment 2\src\main\scala\VectorDatabase.scala
2025.04.28 09:39:24 WARN  Could not load snapshot text for C:\Users\ruben\Downloads\Functional\Assignment 2\src\main\scala\VectorDatabase.scala
2025.04.28 09:39:24 WARN  Could not load snapshot text for C:\Users\ruben\Downloads\Functional\Assignment 2\src\main\scala\VectorDatabase.scala
2025.04.28 09:39:24 WARN  Could not load snapshot text for C:\Users\ruben\Downloads\Functional\Assignment 2\src\main\scala\VectorDatabase.scala
2025.04.28 09:39:24 WARN  Could not load snapshot text for C:\Users\ruben\Downloads\Functional\Assignment 2\src\main\scala\VectorDatabase.scala
2025.04.28 09:39:25 WARN  Could not load snapshot text for C:\Users\ruben\Downloads\Functional\Assignment 2\src\main\scala\VectorDatabase.scala
2025.04.28 09:39:25 INFO  compiling assignment-2 (1 scala source)
2025.04.28 09:39:27 INFO  time: compiled assignment-2 in 1.19s
2025.04.28 09:39:29 ERROR scalafmt: C:\Users\ruben\Downloads\Functional\Assignment 2\src\main\scala\VectorDatabase.scala:48: error: [dialect scala3] illegal start of simple expression
    def load(path: Path): Resource[IO, VectorDatabase] =
                                                        ^
2025.04.28 09:39:29 WARN  Could not load snapshot text for C:\Users\ruben\Downloads\Functional\Assignment 2\src\main\scala\VectorDatabase.scala
2025.04.28 09:39:32 WARN  Could not load snapshot text for C:\Users\ruben\Downloads\Functional\Assignment 2\src\main\scala\VectorDatabase.scala
2025.04.28 09:39:32 WARN  Could not load snapshot text for C:\Users\ruben\Downloads\Functional\Assignment 2\src\main\scala\VectorDatabase.scala
Apr 28, 2025 9:39:32 AM scala.meta.internal.metals.StdReporter $anonfun$create$1
WARNING: empty definition using pc, found symbol in pc: `<none>`. (full report at: C:\Users\ruben\Downloads\Functional\Assignment 2\.metals\.reports\metals-full\2025-04-28\r_empty-definition_(assignment-2)_09-00-46-961.md)
2025.04.28 09:39:32 WARN  Could not load snapshot text for C:\Users\ruben\Downloads\Functional\Assignment 2\src\main\scala\VectorDatabase.scala
2025.04.28 09:39:32 WARN  Could not load snapshot text for C:\Users\ruben\Downloads\Functional\Assignment 2\src\main\scala\VectorDatabase.scala
2025.04.28 09:39:32 WARN  Could not load snapshot text for C:\Users\ruben\Downloads\Functional\Assignment 2\src\main\scala\VectorDatabase.scala
2025.04.28 09:39:32 WARN  Could not load snapshot text for C:\Users\ruben\Downloads\Functional\Assignment 2\src\main\scala\VectorDatabase.scala
2025.04.28 09:39:32 WARN  Could not load snapshot text for C:\Users\ruben\Downloads\Functional\Assignment 2\src\main\scala\VectorDatabase.scala
2025.04.28 09:39:34 WARN  Could not load snapshot text for C:\Users\ruben\Downloads\Functional\Assignment 2\src\main\scala\VectorDatabase.scala
2025.04.28 09:39:35 INFO  compiling assignment-2 (1 scala source)
2025.04.28 09:39:35 INFO  time: compiled assignment-2 in 0.65s
2025.04.28 09:39:44 WARN  Could not load snapshot text for C:\Users\ruben\Downloads\Functional\Assignment 2\src\main\scala\VectorDatabase.scala
2025.04.28 09:40:04 WARN  Could not load snapshot text for C:\Users\ruben\Downloads\Functional\Assignment 2\src\main\scala\VectorDatabase.scala
2025.04.28 09:40:05 WARN  Could not load snapshot text for C:\Users\ruben\Downloads\Functional\Assignment 2\src\main\scala\VectorDatabase.scala
2025.04.28 09:40:05 WARN  Could not load snapshot text for C:\Users\ruben\Downloads\Functional\Assignment 2\src\main\scala\VectorDatabase.scala
2025.04.28 09:40:05 WARN  Could not load snapshot text for C:\Users\ruben\Downloads\Functional\Assignment 2\src\main\scala\VectorDatabase.scala
2025.04.28 09:40:05 WARN  Could not load snapshot text for C:\Users\ruben\Downloads\Functional\Assignment 2\src\main\scala\VectorDatabase.scala
2025.04.28 09:40:05 WARN  Could not load snapshot text for C:\Users\ruben\Downloads\Functional\Assignment 2\src\main\scala\VectorDatabase.scala
2025.04.28 09:40:05 WARN  Could not load snapshot text for C:\Users\ruben\Downloads\Functional\Assignment 2\src\main\scala\VectorDatabase.scala
2025.04.28 09:40:05 WARN  Could not load snapshot text for C:\Users\ruben\Downloads\Functional\Assignment 2\src\main\scala\VectorDatabase.scala
2025.04.28 09:40:05 WARN  Could not load snapshot text for C:\Users\ruben\Downloads\Functional\Assignment 2\src\main\scala\VectorDatabase.scala
2025.04.28 09:40:08 WARN  Could not load snapshot text for C:\Users\ruben\Downloads\Functional\Assignment 2\src\main\scala\VectorDatabase.scala
2025.04.28 09:40:10 INFO  compiling assignment-2 (1 scala source)
2025.04.28 09:40:10 INFO  time: compiled assignment-2 in 0.83s
2025.04.28 09:40:13 WARN  Could not load snapshot text for C:\Users\ruben\Downloads\Functional\Assignment 2\src\main\scala\VectorDatabase.scala
2025.04.28 09:40:16 WARN  Could not load snapshot text for C:\Users\ruben\Downloads\Functional\Assignment 2\src\main\scala\VectorDatabase.scala
2025.04.28 09:40:16 WARN  Could not load snapshot text for C:\Users\ruben\Downloads\Functional\Assignment 2\src\main\scala\VectorDatabase.scala
2025.04.28 09:40:16 WARN  Could not load snapshot text for C:\Users\ruben\Downloads\Functional\Assignment 2\src\main\scala\VectorDatabase.scala
2025.04.28 09:40:16 WARN  Could not load snapshot text for C:\Users\ruben\Downloads\Functional\Assignment 2\src\main\scala\VectorDatabase.scala
2025.04.28 09:40:16 WARN  Could not load snapshot text for C:\Users\ruben\Downloads\Functional\Assignment 2\src\main\scala\VectorDatabase.scala
2025.04.28 09:40:17 WARN  Could not load snapshot text for C:\Users\ruben\Downloads\Functional\Assignment 2\src\main\scala\VectorDatabase.scala
2025.04.28 09:40:17 WARN  Could not load snapshot text for C:\Users\ruben\Downloads\Functional\Assignment 2\src\main\scala\VectorDatabase.scala
2025.04.28 09:40:17 WARN  Could not load snapshot text for C:\Users\ruben\Downloads\Functional\Assignment 2\src\main\scala\VectorDatabase.scala
2025.04.28 09:40:16 WARN  Could not load snapshot text for C:\Users\ruben\Downloads\Functional\Assignment 2\src\main\scala\VectorDatabase.scala
2025.04.28 09:40:17 WARN  Could not load snapshot text for C:\Users\ruben\Downloads\Functional\Assignment 2\src\main\scala\VectorDatabase.scala
2025.04.28 09:40:16 WARN  Could not load snapshot text for C:\Users\ruben\Downloads\Functional\Assignment 2\src\main\scala\VectorDatabase.scala
2025.04.28 09:40:17 WARN  Could not load snapshot text for C:\Users\ruben\Downloads\Functional\Assignment 2\src\main\scala\VectorDatabase.scala
2025.04.28 09:40:24 WARN  Could not load snapshot text for C:\Users\ruben\Downloads\Functional\Assignment 2\src\main\scala\VectorDatabase.scala
2025.04.28 09:40:25 INFO  compiling assignment-2 (1 scala source)
2025.04.28 09:40:25 INFO  time: compiled assignment-2 in 0.67s
2025.04.28 09:40:28 WARN  Could not load snapshot text for C:\Users\ruben\Downloads\Functional\Assignment 2\src\main\scala\VectorDatabase.scala
2025.04.28 09:40:33 WARN  Could not load snapshot text for C:\Users\ruben\Downloads\Functional\Assignment 2\src\main\scala\VectorDatabase.scala
2025.04.28 09:40:33 WARN  Could not load snapshot text for C:\Users\ruben\Downloads\Functional\Assignment 2\src\main\scala\VectorDatabase.scala
2025.04.28 09:40:33 WARN  Could not load snapshot text for C:\Users\ruben\Downloads\Functional\Assignment 2\src\main\scala\VectorDatabase.scala
2025.04.28 09:40:34 WARN  Could not load snapshot text for C:\Users\ruben\Downloads\Functional\Assignment 2\src\main\scala\VectorDatabase.scala
2025.04.28 09:40:35 WARN  Could not load snapshot text for C:\Users\ruben\Downloads\Functional\Assignment 2\src\main\scala\VectorDatabase.scala
2025.04.28 09:40:35 WARN  Could not load snapshot text for C:\Users\ruben\Downloads\Functional\Assignment 2\src\main\scala\VectorDatabase.scala
Apr 28, 2025 9:40:35 AM scala.meta.internal.metals.StdReporter $anonfun$create$1
WARNING: empty definition using pc, found symbol in pc: `<none>`. (full report at: C:\Users\ruben\Downloads\Functional\Assignment 2\.metals\.reports\metals-full\2025-04-28\r_empty-definition_(assignment-2)_09-00-46-961.md)
2025.04.28 09:40:35 WARN  Could not load snapshot text for C:\Users\ruben\Downloads\Functional\Assignment 2\src\main\scala\VectorDatabase.scala
2025.04.28 09:40:36 WARN  Could not load snapshot text for C:\Users\ruben\Downloads\Functional\Assignment 2\src\main\scala\VectorDatabase.scala
2025.04.28 09:40:37 WARN  Could not load snapshot text for C:\Users\ruben\Downloads\Functional\Assignment 2\src\main\scala\VectorDatabase.scala
2025.04.28 09:40:39 WARN  Could not load snapshot text for C:\Users\ruben\Downloads\Functional\Assignment 2\src\main\scala\VectorDatabase.scala
2025.04.28 09:40:43 WARN  Could not load snapshot text for C:\Users\ruben\Downloads\Functional\Assignment 2\src\main\scala\VectorDatabase.scala
2025.04.28 09:40:45 WARN  Could not load snapshot text for C:\Users\ruben\Downloads\Functional\Assignment 2\src\main\scala\VectorDatabase.scala
2025.04.28 09:40:46 INFO  compiling assignment-2 (1 scala source)
2025.04.28 09:40:46 INFO  time: compiled assignment-2 in 0.84s
2025.04.28 09:40:56 WARN  Could not load snapshot text for C:\Users\ruben\Downloads\Functional\Assignment 2\src\main\scala\VectorDatabase.scala
2025.04.28 09:41:03 WARN  Could not load snapshot text for C:\Users\ruben\Downloads\Functional\Assignment 2\src\main\scala\VectorDatabase.scala
2025.04.28 09:42:02 WARN  Could not load snapshot text for C:\Users\ruben\Downloads\Functional\Assignment 2\src\main\scala\VectorDatabase.scala
2025.04.28 09:42:04 WARN  Could not load snapshot text for C:\Users\ruben\Downloads\Functional\Assignment 2\src\main\scala\VectorDatabase.scala
2025.04.28 09:42:04 INFO  compiling assignment-2 (1 scala source)
2025.04.28 09:42:04 INFO  time: compiled assignment-2 in 0.65s
2025.04.28 09:42:04 INFO  compiling assignment-2 (2 scala sources)
2025.04.28 09:42:06 INFO  compiling assignment-2-test (1 scala source)
2025.04.28 09:42:06 INFO  time: compiled assignment-2 in 0.85s
2025.04.28 09:42:06 INFO  time: compiled assignment-2-test in 0.9s
Apr 28, 2025 9:55:09 AM scala.meta.internal.metals.StdReporter $anonfun$create$1
WARNING: empty definition using pc, found symbol in pc: `<none>`. (full report at: C:\Users\ruben\Downloads\Functional\Assignment 2\.metals\.reports\metals-full\2025-04-28\r_empty-definition_(assignment-2)_09-00-46-961.md)
2025.04.28 09:55:10 INFO  compiling assignment-2 (1 scala source)
2025.04.28 09:55:12 INFO  time: compiled assignment-2 in 1.72s
2025.04.28 09:55:12 INFO  compiling assignment-2 (2 scala sources)
2025.04.28 09:55:13 INFO  time: compiled assignment-2 in 1.05s
2025.04.28 09:55:55 INFO  time: compiled assignment-2 in 5ms
2025.04.28 09:55:55 INFO  time: compiled assignment-2-test in 3ms
2025.04.28 09:57:02 INFO  Shutting down server
2025.04.28 09:57:02 INFO  shutting down Metals
2025.04.28 09:57:02 INFO  Shut down connection with build server.
2025.04.28 09:57:02 INFO  Shut down connection with build server.
2025.04.28 09:57:02 INFO  Shut down connection with build server.
2025.04.28 09:57:02 INFO  Exiting server
2025.04.28 09:57:11 INFO  Started: Metals version 1.5.2 in folders 'C:\Users\ruben\Downloads\Functional\Assignment 2' for client Visual Studio Code 1.99.3.
2025.04.28 09:57:12 INFO  Attempting to connect to the build server...
2025.04.28 09:57:12 INFO  Found a Bloop server running
2025.04.28 09:57:12 INFO  no build target found for C:\Users\ruben\Downloads\Functional\Assignment 2\src\main\scala\VectorDatabase.scala. Using presentation compiler with project's scala-library version: 3.3.5
2025.04.28 09:57:13 INFO  tracing is disabled for protocol BSP, to enable tracing of incoming and outgoing JSON messages create an empty file at C:\Users\ruben\Downloads\Functional\Assignment 2\.metals\bsp.trace.json or C:\Users\ruben\AppData\Local\scalameta\metals\cache\bsp.trace.json
2025.04.28 09:57:13 INFO  Attempting to connect to the build server...
2025.04.28 09:57:13 INFO  Found a Bloop server running
2025.04.28 09:57:13 INFO  Attempting to connect to the build server...
2025.04.28 09:57:13 INFO  Found a Bloop server running
2025.04.28 09:57:14 INFO  tracing is disabled for protocol BSP, to enable tracing of incoming and outgoing JSON messages create an empty file at C:\Users\ruben\Downloads\Functional\Assignment 2\project\project\.metals\bsp.trace.json or C:\Users\ruben\AppData\Local\scalameta\metals\cache\bsp.trace.json
2025.04.28 09:57:14 INFO  tracing is disabled for protocol BSP, to enable tracing of incoming and outgoing JSON messages create an empty file at C:\Users\ruben\Downloads\Functional\Assignment 2\project\.metals\bsp.trace.json or C:\Users\ruben\AppData\Local\scalameta\metals\cache\bsp.trace.json
2025.04.28 09:57:14 INFO  time: Connected to build server in 1.75s
2025.04.28 09:57:14 INFO  Connected to Build server: Bloop v2.0.9
2025.04.28 09:57:14 INFO  time: Imported build in 0.13s
2025.04.28 09:57:23 INFO  time: indexed workspace in 8.95s
2025.04.28 09:57:23 INFO  compiling assignment-2 (7 scala sources)
2025.04.28 09:57:27 INFO  time: compiled assignment-2 in 4.15s
2025.04.28 09:57:27 INFO  compiling assignment-2-test (5 scala sources)
2025.04.28 09:57:29 INFO  time: compiled assignment-2-test in 1.8s
2025.04.28 09:58:44 ERROR scalafmt: C:\Users\ruben\Downloads\Functional\Assignment 2\src\main\scala\Derive.scala:67: error: [dialect scala3] illegal start of statement
  private def mergeVectors(a: SparseVector, b: SparseVector): SparseVector =
  ^
2025.04.28 09:58:56 INFO  compiling assignment-2 (1 scala source)
Apr 28, 2025 9:58:56 AM scala.meta.internal.metals.StdReporter $anonfun$create$1
WARNING: empty definition using pc, found symbol in pc: `<none>`. (full report at: C:\Users\ruben\Downloads\Functional\Assignment 2\.metals\.reports\metals-full\2025-04-28\r_empty-definition_(assignment-2)_09-00-46-961.md)
2025.04.28 09:58:58 INFO  time: compiled assignment-2 in 2.41s
2025.04.28 09:59:11 INFO  compiling assignment-2 (1 scala source)
2025.04.28 09:59:11 INFO  time: compiled assignment-2 in 0.9s
Apr 28, 2025 10:01:34 AM org.eclipse.lsp4j.jsonrpc.RemoteEndpoint handleCancellation
WARNING: Unmatched cancel notification for request id 242
Apr 28, 2025 10:01:34 AM org.eclipse.lsp4j.jsonrpc.RemoteEndpoint handleCancellation
WARNING: Unmatched cancel notification for request id 241
2025.04.28 10:01:37 INFO  compiling assignment-2 (1 scala source)
2025.04.28 10:01:39 INFO  time: compiled assignment-2 in 2.75s
Apr 28, 2025 10:01:48 AM org.eclipse.lsp4j.jsonrpc.RemoteEndpoint handleCancellation
WARNING: Unmatched cancel notification for request id 269
Apr 28, 2025 10:01:50 AM org.eclipse.lsp4j.jsonrpc.RemoteEndpoint handleCancellation
WARNING: Unmatched cancel notification for request id 274
Apr 28, 2025 10:02:40 AM org.eclipse.lsp4j.jsonrpc.RemoteEndpoint handleCancellation
WARNING: Unmatched cancel notification for request id 286
2025.04.28 10:03:04 INFO  compiling assignment-2-test (1 scala source)
2025.04.28 10:03:04 INFO  time: compiled assignment-2-test in 0.79s
2025.04.28 10:03:36 INFO  compiling assignment-2-test (1 scala source)
2025.04.28 10:03:36 INFO  time: compiled assignment-2-test in 0.5s
Apr 28, 2025 10:04:23 AM scala.meta.internal.metals.StdReporter $anonfun$create$1
WARNING: empty definition using pc, found symbol in pc: `<none>`. (full report at: C:\Users\ruben\Downloads\Functional\Assignment 2\.metals\.reports\metals-full\2025-04-28\r_empty-definition_(assignment-2)_09-00-46-961.md)
Apr 28, 2025 10:04:24 AM scala.meta.internal.metals.StdReporter $anonfun$create$1
WARNING: empty definition using pc, found symbol in pc: `<none>`. (full report at: C:\Users\ruben\Downloads\Functional\Assignment 2\.metals\.reports\metals-full\2025-04-28\r_empty-definition_(assignment-2)_09-00-46-961.md)
2025.04.28 10:04:24 INFO  compiling assignment-2-test (1 scala source)
2025.04.28 10:04:24 INFO  time: compiled assignment-2-test in 0.55s
Apr 28, 2025 10:04:26 AM scala.meta.internal.metals.StdReporter $anonfun$create$1
WARNING: empty definition using pc, found symbol in pc: `<none>`. (full report at: C:\Users\ruben\Downloads\Functional\Assignment 2\.metals\.reports\metals-full\2025-04-28\r_empty-definition_(assignment-2)_09-00-46-961.md)
2025.04.28 10:04:27 INFO  compiling assignment-2-test (1 scala source)
2025.04.28 10:04:27 INFO  time: compiled assignment-2-test in 0.57s
2025.04.28 10:04:46 INFO  compiling assignment-2-test (1 scala source)
2025.04.28 10:04:46 INFO  time: compiled assignment-2-test in 0.45s
2025.04.28 10:04:48 INFO  compiling assignment-2-test (1 scala source)
2025.04.28 10:04:48 INFO  time: compiled assignment-2-test in 0.41s
Apr 28, 2025 10:05:33 AM scala.meta.internal.metals.StdReporter $anonfun$create$1
WARNING: empty definition using pc, found symbol in pc: `<none>`. (full report at: C:\Users\ruben\Downloads\Functional\Assignment 2\.metals\.reports\metals-full\2025-04-28\r_empty-definition_(assignment-2)_09-00-46-961.md)
2025.04.28 10:05:33 INFO  compiling assignment-2-test (1 scala source)
Apr 28, 2025 10:05:33 AM scala.meta.internal.metals.StdReporter $anonfun$create$1
WARNING: empty definition using pc, found symbol in pc: `<none>`. (full report at: C:\Users\ruben\Downloads\Functional\Assignment 2\.metals\.reports\metals-full\2025-04-28\r_empty-definition_(assignment-2)_09-00-46-961.md)
2025.04.28 10:05:33 INFO  time: compiled assignment-2-test in 0.57s
Apr 28, 2025 10:05:41 AM org.eclipse.lsp4j.jsonrpc.RemoteEndpoint handleCancellation
WARNING: Unmatched cancel notification for request id 623
Apr 28, 2025 10:05:41 AM scala.meta.internal.metals.StdReporter $anonfun$create$1
WARNING: empty definition using pc, found symbol in pc: `<none>`. (full report at: C:\Users\ruben\Downloads\Functional\Assignment 2\.metals\.reports\metals-full\2025-04-28\r_empty-definition_(assignment-2)_09-00-46-961.md)
2025.04.28 10:05:42 INFO  compiling assignment-2-test (1 scala source)
2025.04.28 10:05:42 INFO  time: compiled assignment-2-test in 0.41s
Apr 28, 2025 10:06:05 AM org.eclipse.lsp4j.jsonrpc.RemoteEndpoint handleNotification
WARNING: Notification threw an exception: {
  "jsonrpc": "2.0",
  "method": "metals/didFocusTextDocument",
  "params": [
    "vscode-chat-code-block://2f38d3a3-b0e7-4a56-9ccc-71eb855999f5/response_df425bb2-183a-4654-9884-c809ab7d09c8/0#%7B%22references%22%3A%5B%7B%22uri%22%3A%7B%22%24mid%22%3A1%2C%22fsPath%22%3A%22c%3A%5C%5CUsers%5C%5Cruben%5C%5CDownloads%5C%5CFunctional%5C%5CAssignment%202%5C%5Csrc%5C%5Ctest%5C%5Cscala%5C%5CDeriveDetectSpec.scala%22%2C%22_sep%22%3A1%2C%22external%22%3A%22file%3A%2F%2F%2Fc%253A%2FUsers%2Fruben%2FDownloads%2FFunctional%2FAssignment%25202%2Fsrc%2Ftest%2Fscala%2FDeriveDetectSpec.scala%22%2C%22path%22%3A%22%2Fc%3A%2FUsers%2Fruben%2FDownloads%2FFunctional%2FAssignment%202%2Fsrc%2Ftest%2Fscala%2FDeriveDetectSpec.scala%22%2C%22scheme%22%3A%22file%22%7D%7D%5D%7D"
  ]
}
java.nio.file.FileSystemNotFoundException: Provider "vscode-chat-code-block" not installed
	at java.base/java.nio.file.Path.of(Path.java:213)
	at java.base/java.nio.file.Paths.get(Paths.java:98)
	at scala.meta.internal.mtags.MtagsEnrichments$XtensionURIMtags.toAbsolutePath(MtagsEnrichments.scala:130)
	at scala.meta.internal.mtags.MtagsEnrichments$XtensionStringMtags.toAbsolutePath(MtagsEnrichments.scala:190)
	at scala.meta.internal.metals.MetalsEnrichments$XtensionString.toAbsolutePath(MetalsEnrichments.scala:777)
	at scala.meta.internal.metals.MetalsEnrichments$XtensionString.toAbsolutePath(MetalsEnrichments.scala:774)
	at scala.meta.internal.metals.WorkspaceLspService.didFocus(WorkspaceLspService.scala:775)
	at scala.meta.metals.lsp.DelegatingScalaService.didFocus(DelegatingScalaService.scala:42)
	at java.base/jdk.internal.reflect.DirectMethodHandleAccessor.invoke(DirectMethodHandleAccessor.java:103)
	at java.base/java.lang.reflect.Method.invoke(Method.java:580)
	at org.eclipse.lsp4j.jsonrpc.services.GenericEndpoint.lambda$recursiveFindRpcMethods$0(GenericEndpoint.java:65)
	at org.eclipse.lsp4j.jsonrpc.services.GenericEndpoint.notify(GenericEndpoint.java:160)
	at org.eclipse.lsp4j.jsonrpc.RemoteEndpoint.handleNotification(RemoteEndpoint.java:231)
	at org.eclipse.lsp4j.jsonrpc.RemoteEndpoint.consume(RemoteEndpoint.java:198)
	at org.eclipse.lsp4j.jsonrpc.json.StreamMessageProducer.handleMessage(StreamMessageProducer.java:185)
	at org.eclipse.lsp4j.jsonrpc.json.StreamMessageProducer.listen(StreamMessageProducer.java:97)
	at org.eclipse.lsp4j.jsonrpc.json.ConcurrentMessageProcessor.run(ConcurrentMessageProcessor.java:114)
	at java.base/java.util.concurrent.Executors$RunnableAdapter.call(Executors.java:572)
	at java.base/java.util.concurrent.FutureTask.run(FutureTask.java:317)
	at java.base/java.util.concurrent.ThreadPoolExecutor.runWorker(ThreadPoolExecutor.java:1144)
	at java.base/java.util.concurrent.ThreadPoolExecutor$Worker.run(ThreadPoolExecutor.java:642)
	at java.base/java.lang.Thread.run(Thread.java:1583)

Apr 28, 2025 10:06:21 AM scala.meta.internal.metals.StdReporter $anonfun$create$1
WARNING: empty definition using pc, found symbol in pc: `<none>`. (full report at: C:\Users\ruben\Downloads\Functional\Assignment 2\.metals\.reports\metals-full\2025-04-28\r_empty-definition_(assignment-2)_09-00-46-961.md)
Apr 28, 2025 10:06:21 AM scala.meta.internal.metals.StdReporter $anonfun$create$1
WARNING: empty definition using pc, found symbol in pc: `<none>`. (full report at: C:\Users\ruben\Downloads\Functional\Assignment 2\.metals\.reports\metals-full\2025-04-28\r_empty-definition_(assignment-2)_09-00-46-961.md)
2025.04.28 10:06:23 INFO  compiling assignment-2-test (1 scala source)
2025.04.28 10:06:24 INFO  time: compiled assignment-2-test in 1.38s
2025.04.28 10:06:29 INFO  compiling assignment-2-test (1 scala source)
Apr 28, 2025 10:06:29 AM scala.meta.internal.metals.StdReporter $anonfun$create$1
WARNING: empty definition using pc, found symbol in pc: `<none>`. (full report at: C:\Users\ruben\Downloads\Functional\Assignment 2\.metals\.reports\metals-full\2025-04-28\r_empty-definition_(assignment-2)_09-00-46-961.md)
Apr 28, 2025 10:06:29 AM scala.meta.internal.metals.StdReporter $anonfun$create$1
WARNING: empty definition using pc, found symbol in pc: `<none>`. (full report at: C:\Users\ruben\Downloads\Functional\Assignment 2\.metals\.reports\metals-full\2025-04-28\r_empty-definition_(assignment-2)_09-00-46-961.md)
Apr 28, 2025 10:06:29 AM org.eclipse.lsp4j.jsonrpc.RemoteEndpoint handleCancellation
WARNING: Unmatched cancel notification for request id 697
Exception in thread "pool-8-thread-1" java.lang.InterruptedException
	at scala.meta.internal.metals.FutureCancelToken.checkCanceled(FutureCancelToken.scala:29)
	at scala.meta.internal.pc.CompilerAccess.onCompilerJobQueue$$anonfun$1(CompilerAccess.scala:244)
	at scala.meta.internal.pc.CompilerJobQueue$Job.run(CompilerJobQueue.scala:153)
	at java.base/java.util.concurrent.ThreadPoolExecutor.runWorker(ThreadPoolExecutor.java:1144)
	at java.base/java.util.concurrent.ThreadPoolExecutor$Worker.run(ThreadPoolExecutor.java:642)
	at java.base/java.lang.Thread.run(Thread.java:1583)
2025.04.28 10:06:29 INFO  time: compiled assignment-2-test in 0.66s
Exception in thread "pool-8-thread-2" java.lang.InterruptedException
	at scala.meta.internal.metals.FutureCancelToken.checkCanceled(FutureCancelToken.scala:29)
	at scala.meta.internal.pc.CompilerAccess.onCompilerJobQueue$$anonfun$1(CompilerAccess.scala:244)
	at scala.meta.internal.pc.CompilerJobQueue$Job.run(CompilerJobQueue.scala:153)
	at java.base/java.util.concurrent.ThreadPoolExecutor.runWorker(ThreadPoolExecutor.java:1144)
	at java.base/java.util.concurrent.ThreadPoolExecutor$Worker.run(ThreadPoolExecutor.java:642)
	at java.base/java.lang.Thread.run(Thread.java:1583)
Apr 28, 2025 10:06:46 AM scala.meta.internal.metals.StdReporter $anonfun$create$1
WARNING: empty definition using pc, found symbol in pc: `<none>`. (full report at: C:\Users\ruben\Downloads\Functional\Assignment 2\.metals\.reports\metals-full\2025-04-28\r_empty-definition_(assignment-2)_09-00-46-961.md)
2025.04.28 10:06:52 INFO  compiling assignment-2 (1 scala source)
2025.04.28 10:06:52 INFO  time: compiled assignment-2 in 0.25s
2025.04.28 10:06:57 INFO  compiling assignment-2 (1 scala source)
2025.04.28 10:06:57 INFO  time: compiled assignment-2 in 0.23s
2025.04.28 10:07:05 INFO  compiling assignment-2 (1 scala source)
2025.04.28 10:07:05 INFO  compiling assignment-2-test (1 scala source)
2025.04.28 10:07:05 INFO  time: compiled assignment-2 in 0.77s
2025.04.28 10:07:07 INFO  time: compiled assignment-2-test in 0.57s
2025.04.28 10:07:08 INFO  compiling assignment-2-test (1 scala source)
2025.04.28 10:07:08 INFO  time: compiled assignment-2-test in 0.53s
2025.04.28 10:08:03 INFO  compiling assignment-2-test (1 scala source)
2025.04.28 10:08:03 INFO  time: compiled assignment-2-test in 0.49s
2025.04.28 10:09:18 INFO  compiling assignment-2-test (1 scala source)
2025.04.28 10:09:18 INFO  time: compiled assignment-2-test in 0.5s
Apr 28, 2025 10:09:50 AM scala.meta.internal.metals.StdReporter $anonfun$create$1
WARNING: empty definition using pc, found symbol in pc: `<none>`. (full report at: C:\Users\ruben\Downloads\Functional\Assignment 2\.metals\.reports\metals-full\2025-04-28\r_empty-definition_(assignment-2)_09-00-46-961.md)
Apr 28, 2025 10:09:50 AM scala.meta.internal.metals.StdReporter $anonfun$create$1
WARNING: empty definition using pc, found symbol in pc: `<none>`. (full report at: C:\Users\ruben\Downloads\Functional\Assignment 2\.metals\.reports\metals-full\2025-04-28\r_empty-definition_(assignment-2)_09-00-46-961.md)
Apr 28, 2025 10:09:51 AM scala.meta.internal.metals.StdReporter $anonfun$create$1
WARNING: empty definition using pc, found symbol in pc: `<none>`. (full report at: C:\Users\ruben\Downloads\Functional\Assignment 2\.metals\.reports\metals-full\2025-04-28\r_empty-definition_(assignment-2)_09-00-46-961.md)
2025.04.28 10:09:52 INFO  compiling assignment-2-test (1 scala source)
2025.04.28 10:09:52 INFO  time: compiled assignment-2-test in 0.94s
2025.04.28 10:10:01 INFO  compiling assignment-2-test (1 scala source)
2025.04.28 10:10:01 INFO  time: compiled assignment-2-test in 0.89s
Apr 28, 2025 10:10:24 AM scala.meta.internal.metals.StdReporter $anonfun$create$1
WARNING: empty definition using pc, found symbol in pc: `<none>`. (full report at: C:\Users\ruben\Downloads\Functional\Assignment 2\.metals\.reports\metals-full\2025-04-28\r_empty-definition_(assignment-2)_09-00-46-961.md)
2025.04.28 10:10:43 INFO  compiling assignment-2 (1 scala source)
2025.04.28 10:10:43 INFO  time: compiled assignment-2 in 0.28s
2025.04.28 10:10:47 INFO  compiling assignment-2 (1 scala source)
2025.04.28 10:10:47 INFO  time: compiled assignment-2 in 0.53s
2025.04.28 10:10:47 INFO  compiling assignment-2-test (1 scala source)
2025.04.28 10:10:47 INFO  time: compiled assignment-2-test in 0.46s
2025.04.28 10:10:50 INFO  compiling assignment-2-test (1 scala source)
2025.04.28 10:10:50 INFO  time: compiled assignment-2-test in 0.56s
2025.04.28 10:10:59 INFO  compiling assignment-2 (1 scala source)
2025.04.28 10:10:59 INFO  time: compiled assignment-2 in 0.23s
2025.04.28 10:11:05 INFO  compiling assignment-2 (1 scala source)
2025.04.28 10:11:05 INFO  time: compiled assignment-2-test in 13ms
2025.04.28 10:11:05 INFO  time: compiled assignment-2 in 0.48s
2025.04.28 10:11:41 INFO  compiling assignment-2 (1 scala source)
2025.04.28 10:11:41 INFO  time: compiled assignment-2 in 0.69s
2025.04.28 10:13:57 INFO  compiling assignment-2-test (1 scala source)
2025.04.28 10:13:57 INFO  time: compiled assignment-2-test in 0.95s
2025.04.28 10:14:07 INFO  compiling assignment-2-test (1 scala source)
2025.04.28 10:14:07 INFO  time: compiled assignment-2-test in 0.71s
Apr 28, 2025 10:19:05 AM org.eclipse.lsp4j.jsonrpc.services.GenericEndpoint notify
INFO: Unsupported notification method: $/setTrace
